#
# There is insufficient memory for the Java Runtime Environment to continue.
# Native memory allocation (malloc) failed to allocate 691376 bytes for Chunk::new
# Possible reasons:
#   The system is out of physical RAM or swap space
#   The process is running with CompressedOops enabled, and the Java Heap may be blocking the growth of the native heap
# Possible solutions:
#   Reduce memory load on the system
#   Increase physical memory or swap space
#   Check if swap backing store is full
#   Decrease Java heap size (-Xmx/-Xms)
#   Decrease number of Java threads
#   Decrease Java thread stack sizes (-Xss)
#   Set larger code cache with -XX:ReservedCodeCacheSize=
#   JVM is running with Unscaled Compressed Oops mode in which the Java heap is
#     placed in the first 4GB address space. The Java Heap base address is the
#     maximum limit for the native heap growth. Please use -XX:HeapBaseMinAddress
#     to set the Java Heap base and to place the Java Heap above 4GB virtual address.
# This output file may be truncated or incomplete.
#
#  Out of Memory Error (t:/workspace/open/src/hotspot/share/memory/arena.cpp:198), pid=10624, tid=14556
#
# JRE version: Java(TM) SE Runtime Environment (10.0.2+13) (build 10.0.2+13)
# Java VM: Java HotSpot(TM) 64-Bit Server VM (10.0.2+13, mixed mode, tiered, compressed oops, g1 gc, windows-amd64)
# No core dump will be written. Minidumps are not enabled by default on client versions of Windows
#

---------------  S U M M A R Y ------------

Command Line: org.jetbrains.kotlin.cli.jvm.K2JVMCompiler -Xallow-no-source-files -classpath C:\Users\Abdul\.gradle\caches\modules-2\files-2.1\org.jetbrains.kotlin\kotlin-android-extensions-runtime\1.3.61\289bdf25b4886749e040c7a7d3aab8a57f85c631\kotlin-android-extensions-runtime-1.3.61.jar;C:\Users\Abdul\.gradle\caches\modules-2\files-2.1\org.jetbrains.kotlin\kotlin-stdlib-jdk7\1.3.61\70dffc5f8ac5ea7c34f30deac5b9d8b1d48af066\kotlin-stdlib-jdk7-1.3.61.jar;C:\Users\Abdul\.gradle\caches\transforms-2\files-2.1\e779d7468482f4d9768199c63565ff04\core-ktx-1.2.0-api.jar;C:\Users\Abdul\.gradle\caches\transforms-2\files-2.1\6d3a4a496c75cb90d3917fc3768052f6\anko-sdk15-0.10.8-api.jar;C:\Users\Abdul\.gradle\caches\transforms-2\files-2.1\7d2a8fbbf28fd8b998bd80ef22f4e022\jetified-anko-recyclerview-v7-0.10.8-api.jar;C:\Users\Abdul\.gradle\caches\transforms-2\files-2.1\b74f53ca7f7946b6a71604c11e76d63f\jetified-anko-recyclerview-v7-coroutines-0.10.8-api.jar;C:\Users\Abdul\.gradle\caches\transforms-2\files-2.1\c85c2b87149d550ffcfb20d750fe80e7\jetified-anko-cardview-v7-0.10.8-api.jar;C:\Users\Abdul\.gradle\caches\transforms-2\files-2.1\267513d97432d73bc52313d48529bd80\anko-sqlite-0.10.8-api.jar;C:\Users\Abdul\.gradle\caches\transforms-2\files-2.1\02d8b034cf344d876b04c9870e559c4a\jetified-anko-appcompat-v7-0.10.8-api.jar;C:\Users\Abdul\.gradle\caches\transforms-2\files-2.1\aa62daaedd502fcb8eac67abc6572974\jetified-anko-support-v4-0.10.8-api.jar;C:\Users\Abdul\.gradle\caches\transforms-2\files-2.1\e8326b2cf13d64a2516c9320292ee7f4\anko-appcompat-v7-commons-0.10.8-api.jar;C:\Users\Abdul\.gradle\caches\transforms-2\files-2.1\15b1e475fe3e1d1feb4cfda0ee264142\anko-support-v4-commons-0.10.8-api.jar;C:\Users\Abdul\.gradle\caches\transforms-2\files-2.1\6c21c34054206fcc9215d68361418bc1\anko-commons-0.10.8-api.jar;C:\Users\Abdul\.gradle\caches\transforms-2\files-2.1\ff4dbae6f7a461e412fd2cad350dd381\preference-ktx-1.1.0-api.jar;C:\Users\Abdul\.gradle\caches\transforms-2\files-2.1\1292a9a869e88e2e03e5764c46c08294\circularimageview-4.2.0-api.jar;C:\Users\Abdul\.gradle\caches\transforms-2\files-2.1\4e9bdea6008ba172279da2a0d82ed551\platform-base-0.10.8-api.jar;C:\Users\Abdul\.gradle\caches\transforms-2\files-2.1\0cdbd81e5b799c4855b143a98d39e05d\sqlite-base-0.10.8-api.jar;C:\Users\Abdul\.gradle\caches\transforms-2\files-2.1\78b235de6ea8b7b6e03853aa190979da\jetified-appcompatV7-base-0.10.8-api.jar;C:\Users\Abdul\.gradle\caches\transforms-2\files-2.1\df6aa3c02070c5d08947fc4b990d42f4\jetified-supportV4-base-0.10.8-api.jar;C:\Users\Abdul\.gradle\caches\transforms-2\files-2.1\ae9781e32a45accd8981ba3b2329a8c9\jetified-commons-base-0.10.8-api.jar;C:\Users\Abdul\.gradle\caches\transforms-2\files-2.1\bd9086ea7aea61130ae59394b8fd91d9\jetified-kotlinx-coroutines-android-1.0.0.jar;C:\Users\Abdul\.gradle\caches\modules-2\files-2.1\org.jetbrains.kotlinx\kotlinx-coroutines-core\1.0.0\a33c4bf7581f71f01d4ed660b09ca199abbb44da\kotlinx-coroutines-core-1.0.0.jar;C:\Users\Abdul\.gradle\caches\transforms-2\files-2.1\2383be678e20e931586ad5a4e537700f\koin-androidx-viewmodel-2.0.1-api.jar;C:\Users\Abdul\.gradle\caches\transforms-2\files-2.1\7ac567695d60da776d0112e2477a95ea\koin-androidx-scope-2.0.1-api.jar;C:\Users\Abdul\.gradle\caches\transforms-2\files-2.1\458fa2fbd45d8bcc8785980df37f58ec\koin-android-2.0.1-api.jar;C:\Users\Abdul\.gradle\caches\modules-2\files-2.1\org.koin\koin-core\2.0.1\86ae7f8b8abdbbdb513e472830962361e7a3d646\koin-core-2.0.1.jar;C:\Users\Abdul\.gradle\caches\modules-2\files-2.1\org.jetbrains.kotlin\kotlin-stdlib\1.3.61\4702105e97f7396ae41b113fdbdc180ec1eb1e36\kotlin-stdlib-1.3.61.jar;C:\Users\Abdul\.gradle\caches\modules-2\files-2.1\org.jetbrains.kotlinx\kotlinx-coroutines-core-common\1.0.0\5f7551ec1edc068deaa0397100a1f14f32270274\kotlinx-coroutines-core-common-1.0.0.jar;C:\Users\Abdul\.gradle\caches\modules-2\files-2.1\org.jetbrains.kotlin\kotlin-stdlib-common\1.3.61\65abb71d5afb850b68be03987b08e2c864ca3110\kotlin-stdlib-common-1.3.61.jar;C:\Users\Abdul\.gradle\caches\modules-2\files-2.1\org.jetbrains\annotations\13.0\919f0dfe192fb4e063e7dacadee7f8bb9a2672a9\annotations-13.0.jar;C:\Users\Abdul\.gradle\caches\transforms-2\files-2.1\e3d83e9a45cfd101cb678b8090937176\material-1.2.0-alpha05-api.jar;C:\Users\Abdul\.gradle\caches\transforms-2\files-2.1\1634040b254181d399f4bca06a23ba9e\preference-1.1.0-api.jar;C:\Users\Abdul\.gradle\caches\transforms-2\files-2.1\8ec246e1ad6bee47d9d3e76c54f0c68d\appcompat-1.1.0-api.jar;C:\Users\Abdul\.gradle\caches\transforms-2\files-2.1\751e0799f7d469e1cd15307a95b7b36d\lifecycle-reactivestreams-2.2.0-api.jar;C:\Users\Abdul\.gradle\caches\transforms-2\files-2.1\887d9666e62e2b49f6d8c122494c4dae\jetified-picasso-2.71828-api.jar;C:\Users\Abdul\.gradle\caches\transforms-2\files-2.1\f919a3f6f3c560dfff71c9cdcbf35ab7\jetified-rxbinding-2.1.1-api.jar;C:\Users\Abdul\.gradle\caches\transforms-2\files-2.1\df0d112d20269b9753bc5ecd09ccaf87\code-scanner-2.1.0-api.jar;C:\Users\Abdul\.gradle\caches\transforms-2\files-2.1\5a25df78219dac3fb0417d400be1fe1d\legacy-support-v4-1.0.0-api.jar;C:\Users\Abdul\.gradle\caches\transforms-2\files-2.1\200c973efd01763f55b8ddae6af6cc8d\legacy-support-core-ui-1.0.0-api.jar;C:\Users\Abdul\.gradle\caches\transforms-2\files-2.1\06563c9aa3628fcb57e2b3f17f761f18\cursoradapter-1.0.0-api.jar;C:\Users\Abdul\.gradle\caches\transforms-2\files-2.1\3215133f2ed9f3f184dca7ebc990e00e\appcompat-resources-1.1.0-api.jar;C:\Users\Abdul\.gradle\caches\transforms-2\files-2.1\16f815cf86458caf9185496e47841397\drawerlayout-1.0.0-api.jar;C:\Users\Abdul\.gradle\caches\transforms-2\files-2.1\0035028758af257d655700fa081249f8\lifecycle-extensions-2.2.0-api.jar;C:\Users\Abdul\.gradle\caches\transforms-2\files-2.1\7ec772fdb8e3f099910a2875eda84082\glide-4.11.0-api.jar;C:\Users\Abdul\.gradle\caches\transforms-2\files-2.1\2798d54a09efda558cd329f36995ffc7\viewpager2-1.0.0-api.jar;C:\Users\Abdul\.gradle\caches\transforms-2\files-2.1\ed88c77e54793c91b2ddde59c5ef8626\fragment-1.2.0-api.jar;C:\Users\Abdul\.gradle\caches\transforms-2\files-2.1\b70fd7c9ca31cb833845f140cc372890\media-1.0.0-api.jar;C:\Users\Abdul\.gradle\caches\transforms-2\files-2.1\2fe35ca0521ab3c564880888df19ed6f\legacy-support-core-utils-1.0.0-api.jar;C:\Users\Abdul\.gradle\caches\transforms-2\files-2.1\4e5c881bea3243f0e25ea140c62e89b1\recyclerview-1.1.0-api.jar;C:\Users\Abdul\.gradle\caches\transforms-2\files-2.1\ace0d54d0d98d2ddd01476892fde042a\coordinatorlayout-1.1.0-api.jar;C:\Users\Abdul\.gradle\caches\transforms-2\files-2.1\e9bd2d711f1ddbd861062fc8cc14dc0e\transition-1.2.0-api.jar;C:\Users\Abdul\.gradle\caches\transforms-2\files-2.1\88460dfbc83f61a16d9d6c95b2bb0f64\vectordrawable-animated-1.1.0-api.jar;C:\Users\Abdul\.gradle\caches\transforms-2\files-2.1\cd593323a48fcee9a89444fbefa78e81\vectordrawable-1.1.0-api.jar;C:\Users\Abdul\.gradle\caches\transforms-2\files-2.1\8a0c5a7236f81635d711585f13521d71\viewpager-1.0.0-api.jar;C:\Users\Abdul\.gradle\caches\transforms-2\files-2.1\e7bd30dfa8d37654dfc340e815bafccd\slidingpanelayout-1.0.0-api.jar;C:\Users\Abdul\.gradle\caches\transforms-2\files-2.1\e1deea055052c7a3bff84117c2e46646\customview-1.0.0-api.jar;C:\Users\Abdul\.gradle\caches\transforms-2\files-2.1\8ea2b05546d5a1788b15266d14ef57dc\loader-1.0.0-api.jar;C:\Users\Abdul\.gradle\caches\transforms-2\files-2.1\bc30c1b859406da69b169a655ca288c6\activity-1.1.0-api.jar;C:\Users\Abdul\.gradle\caches\transforms-2\files-2.1\07480492bfb080c6eed7a0b225a71559\swiperefreshlayout-1.0.0-api.jar;C:\Users\Abdul\.gradle\caches\transforms-2\files-2.1\ce8d8cbddf72dd40316cae54fb46dec0\asynclayoutinflater-1.0.0-api.jar;C:\Users\Abdul\.gradle\caches\transforms-2\files-2.1\8846ea42327b053f97436bbc2cc77386\core-1.2.0-api.jar;C:\Users\Abdul\.gradle\caches\transforms-2\files-2.1\639d6db6f4ce1f96aca0f78c8da1ea5f\versionedparcelable-1.1.0-api.jar;C:\Users\Abdul\.gradle\caches\modules-2\files-2.1\androidx.collection\collection\1.1.0\1f27220b47669781457de0d600849a5de0e89909\collection-1.1.0.jar;C:\Users\Abdul\.gradle\caches\transforms-2\files-2.1\587c38241fdaf2fe9bd57fd3aeae67b8\lifecycle-process-2.2.0-api.jar;C:\Users\Abdul\.gradle\caches\transforms-2\files-2.1\e2bad8dda616ef0d10b51b70de19465e\lifecycle-service-2.2.0-api.jar;C:\Users\Abdul\.gradle\caches\transforms-2\files-2.1\efb98a7b135931e9c641e8480e935048\lifecycle-runtime-2.2.0-api.jar;C:\Users\Abdul\.gradle\caches\transforms-2\files-2.1\0a572148070f8fc54c12ed58e1c6a5d5\lifecycle-livedata-2.2.0-api.jar;C:\Users\Abdul\.gradle\caches\transforms-2\files-2.1\22cc35e7caf106989f17bceb2fdc0b52\lifecycle-viewmodel-savedstate-1.0.0-api.jar;C:\Users\Abdul\.gradle\caches\transforms-2\files-2.1\541a4e894ab36693fb3b4d7ec23845ed\lifecycle-livedata-core-2.2.0-api.jar;C:\Users\Abdul\.gradle\caches\transforms-2\files-2.1\81eb95c1e3bb22335d09012c161c71be\core-runtime-2.1.0-api.jar;C:\Users\Abdul\.gradle\caches\transforms-2\files-2.1\bc2237d092f0bfc7f7d230679f04834d\savedstate-1.0.0-api.jar;C:\Users\Abdul\.gradle\caches\modules-2\files-2.1\androidx.arch.core\core-common\2.1.0\b3152fc64428c9354344bd89848ecddc09b6f07e\core-common-2.1.0.jar;C:\Users\Abdul\.gradle\caches\modules-2\files-2.1\androidx.lifecycle\lifecycle-common\2.2.0\4ef09a745007778eef83b92f8f23987a8ea59496\lifecycle-common-2.2.0.jar;C:\Users\Abdul\.gradle\caches\transforms-2\files-2.1\da62a6838df1e71a7490ce7bb67823d6\lifecycle-viewmodel-2.2.0-api.jar;C:\Users\Abdul\.gradle\caches\transforms-2\files-2.1\8cc1958d75450f6124484f2b41f039d8\cardview-1.0.0-api.jar;C:\Users\Abdul\.gradle\caches\transforms-2\files-2.1\225dcdf89a5a84d5e36e1fdf10ef719b\exifinterface-1.0.0-api.jar;C:\Users\Abdul\.gradle\caches\transforms-2\files-2.1\01fbff945d43ea7470226d038108825f\gifdecoder-4.11.0-api.jar;C:\Users\Abdul\.gradle\caches\transforms-2\files-2.1\55864d490b6013ec3bd0e0bb8e13b396\documentfile-1.0.0-api.jar;C:\Users\Abdul\.gradle\caches\transforms-2\files-2.1\f3893e315acd51312539843f7707fb44\localbroadcastmanager-1.0.0-api.jar;C:\Users\Abdul\.gradle\caches\transforms-2\files-2.1\b23ecddc3c72df7d4c3b4d045e82f711\print-1.0.0-api.jar;C:\Users\Abdul\.gradle\caches\transforms-2\files-2.1\56ba877b289f64e508d45408463ff91a\interpolator-1.0.0-api.jar;C:\Users\Abdul\.gradle\caches\modules-2\files-2.1\androidx.annotation\annotation\1.1.0\e3a6fb2f40e3a3842e6b7472628ba4ce416ea4c8\annotation-1.1.0.jar;C:\Users\Abdul\.gradle\caches\transforms-2\files-2.1\8e4370053e9104c3f8f23ada2f7de591\constraintlayout-1.1.3-api.jar;C:\Users\Abdul\.gradle\caches\modules-2\files-2.1\androidx.constraintlayout\constraintlayout-solver\1.1.3\54abe9ffb22cc9019b0b6fcc10f185cc4e67b34e\constraintlayout-solver-1.1.3.jar;C:\Users\Abdul\.gradle\caches\modules-2\files-2.1\com.squareup.retrofit2\adapter-rxjava2\2.5.0\928e129ee8a07ab97270523c48eec85ca16b4e3a\adapter-rxjava2-2.5.0.jar;C:\Users\Abdul\.gradle\caches\transforms-2\files-2.1\903f2a6110a5f090d9f58fc383b9562c\rxandroid-2.1.1-api.jar;C:\Users\Abdul\.gradle\caches\modules-2\files-2.1\io.reactivex.rxjava2\rxjava\2.2.16\4b88484cd4d02954243fc0a1a0b0a7503ca769a0\rxjava-2.2.16.jar;C:\Users\Abdul\.gradle\caches\modules-2\files-2.1\org.reactivestreams\reactive-streams\1.0.3\d9fb7a7926ffa635b3dcaa5049fb2bfa25b3e7d0\reactive-streams-1.0.3.jar;C:\Users\Abdul\.gradle\caches\transforms-2\files-2.1\06049574cd4d77e503e9fd2892a4fc6c\espresso-idling-resource-3.2.0-api.jar;C:\Users\Abdul\.gradle\caches\modules-2\files-2.1\com.squareup.retrofit2\converter-gson\2.6.0\b6b5f2a7e969f34a6edcc1e4dbfab257704faa45\converter-gson-2.6.0.jar;C:\Users\Abdul\.gradle\caches\modules-2\files-2.1\com.squareup.retrofit2\retrofit\2.6.1\e09f83ea4eddf07fc956778dbda3c2d2b0b3ce7f\retrofit-2.6.1.jar;C:\Users\Abdul\.gradle\caches\modules-2\files-2.1\com.squareup.okhttp3\logging-interceptor\3.12.1\f0304756a8d9f745fd7de3f82a32090cf5b71166\logging-interceptor-3.12.1.jar;C:\Users\Abdul\.gradle\caches\modules-2\files-2.1\com.squareup.okhttp3\okhttp\3.12.2\6ebea791309851e6cf95df2127731631fbba0a9d\okhttp-3.12.2.jar;C:\Users\Abdul\.gradle\caches\modules-2\files-2.1\com.squareup.okio\okio\1.15.0\bc28b5a964c8f5721eb58ee3f3c47a9bcbf4f4d8\okio-1.15.0.jar;C:\Users\Abdul\.gradle\caches\modules-2\files-2.1\com.google.code.gson\gson\2.8.5\f645ed69d595b24d4cf8b3fbb64cc505bede8829\gson-2.8.5.jar;C:\Users\Abdul\.gradle\caches\transforms-2\files-2.1\8071f233d468414d8b0f275045c70923\annotation-experimental-1.0.0-api.jar;C:\Users\Abdul\.gradle\caches\modules-2\files-2.1\io.reactivex.rxjava2\rxkotlin\2.2.0\e1e2fbb13b1c7dc6d2d03b6221a016d1501ad5a9\rxkotlin-2.2.0.jar;C:\Users\Abdul\.gradle\caches\transforms-2\files-2.1\802a901629b6c6f43c00e975287a8d3f\jetified-easyvalidation-core-1.0.1-api.jar;C:\Users\Abdul\.gradle\caches\modules-2\files-2.1\com.github.bumptech.glide\disklrucache\4.11.0\ed93d2e20549ad85f692d964788ec77520d78a8b\disklrucache-4.11.0.jar;C:\Users\Abdul\.gradle\caches\modules-2\files-2.1\com.github.bumptech.glide\annotations\4.11.0\c57bae5a18147f8ae22f4da49baac875c6b6f84f\annotations-4.11.0.jar;C:\Users\Abdul\.gradle\caches\modules-2\files-2.1\com.google.zxing\core\3.3.3\b640badcc97f18867c4dfd249ef8d20ec0204c07\core-3.3.3.jar;C:\Users\Abdul\.gradle\caches\transforms-2\files-2.1\f798dc48e9ae52a3d71d5b01aa8f397e\MultiStateView-2.1.1-api.jar;C:\Users\Abdul\AppData\Local\Android\Sdk\platforms\android-29\android.jar -d D:\Project\android\ais_dosen_v2-develop\app\build\tmp\kotlin-classes\debug -Xjava-source-roots=D:\Project\android\ais_dosen_v2-develop\app\build\generated\source\buildConfig\debug,D:\Project\android\ais_dosen_v2-develop\app\build\generated\not_namespaced_r_class_sources\debug\r -module-name app_debug -no-jdk -no-reflect -no-stdlib -Xcommon-sources=D:\Project\android\ais_dosen_v2-develop\app\src\main\java\com\example\ais_dosen_v2\data\main\MainDataStore.kt,D:\Project\android\ais_dosen_v2-develop\app\src\main\java\com\example\ais_dosen_v2\data\main\MainRepository.kt,D:\Project\android\ais_dosen_v2-develop\app\src\main\java\com\example\ais_dosen_v2\data\main\model\AcademicYearItem.kt,D:\Project\android\ais_dosen_v2-develop\app\src\main\java\com\example\ais_dosen_v2\data\main\model\LectureItem.kt,D:\Project\android\ais_dosen_v2-develop\app\src\main\java\com\example\ais_dosen_v2\data\main\remote\MainApi.kt,D:\Project\android\ais_dosen_v2-develop\app\src\main\java\com\example\ais_dosen_v2\data\main\remote\MainApiClient.kt,D:\Project\android\ais_dosen_v2-develop\app\src\main\java\com\example\ais_dosen_v2\data\membership\MembershipDataStore.kt,D:\Project\android\ais_dosen_v2-develop\app\src\main\java\com\example\ais_dosen_v2\data\membership\MembershipRepository.kt,D:\Project\android\ais_dosen_v2-develop\app\src\main\java\com\example\ais_dosen_v2\data\membership\model\LoginItem.kt,D:\Project\android\ais_dosen_v2-develop\app\src\main\java\com\example\ais_dosen_v2\data\membership\remote\MembershipApi.kt,D:\Project\android\ais_dosen_v2-develop\app\src\main\java\com\example\ais_dosen_v2\data\membership\remote\MembershipApiClient.kt,D:\Project\android\ais_dosen_v2-develop\app\src\main\java\com\example\ais_dosen_v2\data\TokenInterceptor.kt,D:\Project\android\ais_dosen_v2-develop\app\src\main\java\com\example\ais_dosen_v2\di\ApiModule.kt,D:\Project\android\ais_dosen_v2-develop\app\src\main\java\com\example\ais_dosen_v2\di\features\MembershipModule.kt,D:\Project\android\ais_dosen_v2-develop\app\src\main\java\com\example\ais_dosen_v2\di\PreferenceModule.kt,D:\Project\android\ais_dosen_v2-develop\app\src\main\java\com\example\ais_dosen_v2\di\RxModule.kt,D:\Project\android\ais_dosen_v2-develop\app\src\main\java\com\example\ais_dosen_v2\di\UtilityModule.kt,D:\Project\android\ais_dosen_v2-develop\app\src\main\java\com\example\ais_dosen_v2\model\main\MainInteractor.kt,D:\Project\android\ais_dosen_v2-develop\app\src\main\java\com\example\ais_dosen_v2\model\main\MainUseCase.kt,D:\Project\android\ais_dosen_v2-develop\app\src\main\java\com\example\ais_dosen_v2\model\main\model\Lecture.kt,D:\Project\android\ais_dosen_v2-develop\app\src\main\java\com\example\ais_dosen_v2\model\membership\MembershipInteractor.kt,D:\Project\android\ais_dosen_v2-develop\app\src\main\java\com\example\ais_dosen_v2\model\membership\MembershipUseCase.kt,D:\Project\android\ais_dosen_v2-develop\app\src\main\java\com\example\ais_dosen_v2\model\membership\model\Login.kt,D:\Project\android\ais_dosen_v2-develop\app\src\main\java\com\example\ais_dosen_v2\utils\base\BaseApplication.kt,D:\Project\android\ais_dosen_v2-develop\app\src\main\java\com\example\ais_dosen_v2\utils\base\data\ApiResponse.kt,D:\Project\android\ais_dosen_v2-develop\app\src\main\java\com\example\ais_dosen_v2\utils\base\data\ApiService.kt,D:\Project\android\ais_dosen_v2-develop\app\src\main\java\com\example\ais_dosen_v2\utils\base\data\BaseRepository.kt,D:\Project\android\ais_dosen_v2-develop\app\src\main\java\com\example\ais_dosen_v2\utils\base\data\datastore\ApiError.kt,D:\Project\android\ais_dosen_v2-develop\app\src\main\java\com\example\ais_dosen_v2\utils\base\data\datastore\ApiErrorOperator.kt,D:\Project\android\ais_dosen_v2-develop\app\src\main\java\com\example\ais_dosen_v2\utils\base\data\datastore\ApiException.kt,D:\Project\android\ais_dosen_v2-develop\app\src\main\java\com\example\ais_dosen_v2\utils\base\data\datastore\RuntimeException.kt,D:\Project\android\ais_dosen_v2-develop\app\src\main\java\com\example\ais_dosen_v2\utils\base\data\datastore\SingleApiErrorOperator.kt,D:\Project\android\ais_dosen_v2-develop\app\src\main\java\com\example\ais_dosen_v2\utils\base\data\LocalDb.kt,D:\Project\android\ais_dosen_v2-develop\app\src\main\java\com\example\ais_dosen_v2\utils\base\data\OkHttpClientFactory.kt,D:\Project\android\ais_dosen_v2-develop\app\src\main\java\com\example\ais_dosen_v2\utils\base\data\WebApi.kt,D:\Project\android\ais_dosen_v2-develop\app\src\main\java\com\example\ais_dosen_v2\utils\base\pref\PreferenceManagerImpl.kt,D:\Project\android\ais_dosen_v2-develop\app\src\main\java\com\example\ais_dosen_v2\utils\base\pref\PrefManager.kt,D:\Project\android\ais_dosen_v2-develop\app\src\main\java\com\example\ais_dosen_v2\utils\base\viewmodel\Result.kt,D:\Project\android\ais_dosen_v2-develop\app\src\main\java\com\example\ais_dosen_v2\utils\base\viewmodel\SingleSchedulerTransformer.kt,D:\Project\android\ais_dosen_v2-develop\app\src\main\java\com\example\ais_dosen_v2\utils\base\viewmodel\Utils.kt,D:\Project\android\ais_dosen_v2-develop\app\src\main\java\com\example\ais_dosen_v2\utils\CommonUtils.kt,D:\Project\android\ais_dosen_v2-develop\app\src\main\java\com\example\ais_dosen_v2\utils\ExtImageView.kt,D:\Project\android\ais_dosen_v2-develop\app\src\main\java\com\example\ais_dosen_v2\utils\ExtValidator.kt,D:\Project\android\ais_dosen_v2-develop\app\src\main\java\com\example\ais_dosen_v2\utils\key\AppConstants.kt,D:\Project\android\ais_dosen_v2-develop\app\src\main\java\com\example\ais_dosen_v2\utils\key\UserPreferenceKey.kt,D:\Project\android\ais_dosen_v2-develop\app\src\main\java\com\example\ais_dosen_v2\utils\validation\TextInputLayoutKtx.kt,D:\Project\android\ais_dosen_v2-develop\app\src\main\java\com\example\ais_dosen_v2\view\adapter\LectureAdapter.kt,D:\Project\android\ais_dosen_v2-develop\app\src\main\java\com\example\ais_dosen_v2\view\lecture\LectureActivity.kt,D:\Project\android\ais_dosen_v2-develop\app\src\main\java\com\example\ais_dosen_v2\view\main\MainActivity.kt,D:\Project\android\ais_dosen_v2-develop\app\src\main\java\com\example\ais_dosen_v2\view\main\PagerAdapter.kt,D:\Project\android\ais_dosen_v2-develop\app\src\main\java\com\example\ais_dosen_v2\view\main\pages\AttendanceFragment.kt,D:\Project\android\ais_dosen_v2-develop\app\src\main\java\com\example\ais_dosen_v2\view\main\pages\LectureFragment.kt,D:\Project\android\ais_dosen_v2-develop\app\src\main\java\com\example\ais_dosen_v2\view\membership\LoginActivity.kt,D:\Project\android\ais_dosen_v2-develop\app\src\main\java\com\example\ais_dosen_v2\viewmodel\MainViewModel.kt,D:\Project\android\ais_dosen_v2-develop\app\src\main\java\com\example\ais_dosen_v2\viewmodel\MembershipViewModel.kt -Xplugin=C:\Users\Abdul\.gradle\caches\modules-2\files-2.1\org.jetbrains.intellij.deps\trove4j\1.0.20181211\216c2e14b070f334479d800987affe4054cd563f\trove4j-1.0.20181211.jar,C:\Users\Abdul\.gradle\caches\modules-2\files-2.1\org.jetbrains.kotlin\kotlin-android-extensions\1.3.61\54ca7c214a5cd73cd887a42002266e25440097f2\kotlin-android-extensions-1.3.61.jar,C:\Users\Abdul\.gradle\caches\modules-2\files-2.1\org.jetbrains.kotlin\kotlin-compiler-embeddable\1.3.61\c35c0833d5a1e3d229359758482c480306724618\kotlin-compiler-embeddable-1.3.61.jar,C:\Users\Abdul\.gradle\caches\modules-2\files-2.1\org.jetbrains.kotlin\kotlin-daemon-embeddable\1.3.61\4de83e41a92c8395d89ab2e81d26b788ba163824\kotlin-daemon-embeddable-1.3.61.jar,C:\Users\Abdul\.gradle\caches\modules-2\files-2.1\org.jetbrains.kotlin\kotlin-reflect\1.3.61\2e07c9a84c9e118efb70eede7e579fd663932122\kotlin-reflect-1.3.61.jar,C:\Users\Abdul\.gradle\caches\modules-2\files-2.1\org.jetbrains.kotlin\kotlin-script-runtime\1.3.61\e5feb39c8de63dcbdc1154b34ca4413874231605\kotlin-script-runtime-1.3.61.jar,C:\Users\Abdul\.gradle\caches\modules-2\files-2.1\org.jetbrains.kotlin\kotlin-stdlib-common\1.3.61\65abb71d5afb850b68be03987b08e2c864ca3110\kotlin-stdlib-common-1.3.61.jar,C:\Users\Abdul\.gradle\caches\modules-2\files-2.1\org.jetbrains.kotlin\kotlin-stdlib\1.3.61\4702105e97f7396ae41b113fdbdc180ec1eb1e36\kotlin-stdlib-1.3.61.jar,C:\Users\Abdul\.gradle\caches\modules-2\files-2.1\org.jetbrains\annotations\13.0\919f0dfe192fb4e063e7dacadee7f8bb9a2672a9\annotations-13.0.jar -P plugin:org.jetbrains.kotlin.android:configuration=rO0ABXeWAAAAAwAIZmVhdHVyZXMAAAABAA92aWV3cyxwYXJjZWxpemUAB3BhY2thZ2UAAAABABhjb20uZXhhbXBsZS5haXNfZG9zZW5fdjIAB3ZhcmlhbnQAAAABAD1tYWluO0Q6XFByb2plY3RcYW5kcm9pZFxhaXNfZG9zZW5fdjItZGV2ZWxvcFxhcHBcc3JjXG1haW5ccmVz D:\Project\android\ais_dosen_v2-develop\app\src\main\java\com\example\ais_dosen_v2\data\main\MainDataStore.kt D:\Project\android\ais_dosen_v2-develop\app\src\main\java\com\example\ais_dosen_v2\data\main\MainRepository.kt D:\Project\android\ais_dosen_v2-develop\app\src\main\java\com\example\ais_dosen_v2\data\main\model\AcademicYearItem.kt D:\Project\android\ais_dosen_v2-develop\app\src\main\java\com\example\ais_dosen_v2\data\main\model\LectureItem.kt D:\Project\android\ais_dosen_v2-develop\app\src\main\java\com\example\ais_dosen_v2\data\main\remote\MainApi.kt D:\Project\android\ais_dosen_v2-develop\app\src\main\java\com\example\ais_dosen_v2\data\main\remote\MainApiClient.kt D:\Project\android\ais_dosen_v2-develop\app\src\main\java\com\example\ais_dosen_v2\data\membership\MembershipDataStore.kt D:\Project\android\ais_dosen_v2-develop\app\src\main\java\com\example\ais_dosen_v2\data\membership\MembershipRepository.kt D:\Project\android\ais_dosen_v2-develop\app\src\main\java\com\example\ais_dosen_v2\data\membership\model\LoginItem.kt D:\Project\android\ais_dosen_v2-develop\app\src\main\java\com\example\ais_dosen_v2\data\membership\remote\MembershipApi.kt D:\Project\android\ais_dosen_v2-develop\app\src\main\java\com\example\ais_dosen_v2\data\membership\remote\MembershipApiClient.kt D:\Project\android\ais_dosen_v2-develop\app\src\main\java\com\example\ais_dosen_v2\data\TokenInterceptor.kt D:\Project\android\ais_dosen_v2-develop\app\src\main\java\com\example\ais_dosen_v2\di\ApiModule.kt D:\Project\android\ais_dosen_v2-develop\app\src\main\java\com\example\ais_dosen_v2\di\features\MembershipModule.kt D:\Project\android\ais_dosen_v2-develop\app\src\main\java\com\example\ais_dosen_v2\di\PreferenceModule.kt D:\Project\android\ais_dosen_v2-develop\app\src\main\java\com\example\ais_dosen_v2\di\RxModule.kt D:\Project\android\ais_dosen_v2-develop\app\src\main\java\com\example\ais_dosen_v2\di\UtilityModule.kt D:\Project\android\ais_dosen_v2-develop\app\src\main\java\com\example\ais_dosen_v2\model\main\MainInteractor.kt D:\Project\android\ais_dosen_v2-develop\app\src\main\java\com\example\ais_dosen_v2\model\main\MainUseCase.kt D:\Project\android\ais_dosen_v2-develop\app\src\main\java\com\example\ais_dosen_v2\model\main\model\Lecture.kt D:\Project\android\ais_dosen_v2-develop\app\src\main\java\com\example\ais_dosen_v2\model\membership\MembershipInteractor.kt D:\Project\android\ais_dosen_v2-develop\app\src\main\java\com\example\ais_dosen_v2\model\membership\MembershipUseCase.kt D:\Project\android\ais_dosen_v2-develop\app\src\main\java\com\example\ais_dosen_v2\model\membership\model\Login.kt D:\Project\android\ais_dosen_v2-develop\app\src\main\java\com\example\ais_dosen_v2\utils\base\BaseApplication.kt D:\Project\android\ais_dosen_v2-develop\app\src\main\java\com\example\ais_dosen_v2\utils\base\data\ApiResponse.kt D:\Project\android\ais_dosen_v2-develop\app\src\main\java\com\example\ais_dosen_v2\utils\base\data\ApiService.kt D:\Project\android\ais_dosen_v2-develop\app\src\main\java\com\example\ais_dosen_v2\utils\base\data\BaseRepository.kt D:\Project\android\ais_dosen_v2-develop\app\src\main\java\com\example\ais_dosen_v2\utils\base\data\datastore\ApiError.kt D:\Project\android\ais_dosen_v2-develop\app\src\main\java\com\example\ais_dosen_v2\utils\base\data\datastore\ApiErrorOperator.kt D:\Project\android\ais_dosen_v2-develop\app\src\main\java\com\example\ais_dosen_v2\utils\base\data\datastore\ApiException.kt D:\Project\android\ais_dosen_v2-develop\app\src\main\java\com\example\ais_dosen_v2\utils\base\data\datastore\RuntimeException.kt D:\Project\android\ais_dosen_v2-develop\app\src\main\java\com\example\ais_dosen_v2\utils\base\data\datastore\SingleApiErrorOperator.kt D:\Project\android\ais_dosen_v2-develop\app\src\main\java\com\example\ais_dosen_v2\utils\base\data\LocalDb.kt D:\Project\android\ais_dosen_v2-develop\app\src\main\java\com\example\ais_dosen_v2\utils\base\data\OkHttpClientFactory.kt D:\Project\android\ais_dosen_v2-develop\app\src\main\java\com\example\ais_dosen_v2\utils\base\data\WebApi.kt D:\Project\android\ais_dosen_v2-develop\app\src\main\java\com\example\ais_dosen_v2\utils\base\pref\PreferenceManagerImpl.kt D:\Project\android\ais_dosen_v2-develop\app\src\main\java\com\example\ais_dosen_v2\utils\base\pref\PrefManager.kt D:\Project\android\ais_dosen_v2-develop\app\src\main\java\com\example\ais_dosen_v2\utils\base\viewmodel\Result.kt D:\Project\android\ais_dosen_v2-develop\app\src\main\java\com\example\ais_dosen_v2\utils\base\viewmodel\SingleSchedulerTransformer.kt D:\Project\android\ais_dosen_v2-develop\app\src\main\java\com\example\ais_dosen_v2\utils\base\viewmodel\Utils.kt D:\Project\android\ais_dosen_v2-develop\app\src\main\java\com\example\ais_dosen_v2\utils\CommonUtils.kt D:\Project\android\ais_dosen_v2-develop\app\src\main\java\com\example\ais_dosen_v2\utils\ExtImageView.kt D:\Project\android\ais_dosen_v2-develop\app\src\main\java\com\example\ais_dosen_v2\utils\ExtValidator.kt D:\Project\android\ais_dosen_v2-develop\app\src\main\java\com\example\ais_dosen_v2\utils\key\AppConstants.kt D:\Project\android\ais_dosen_v2-develop\app\src\main\java\com\example\ais_dosen_v2\utils\key\UserPreferenceKey.kt D:\Project\android\ais_dosen_v2-develop\app\src\main\java\com\example\ais_dosen_v2\utils\validation\TextInputLayoutKtx.kt D:\Project\android\ais_dosen_v2-develop\app\src\main\java\com\example\ais_dosen_v2\view\adapter\LectureAdapter.kt D:\Project\android\ais_dosen_v2-develop\app\src\main\java\com\example\ais_dosen_v2\view\lecture\LectureActivity.kt D:\Project\android\ais_dosen_v2-develop\app\src\main\java\com\example\ais_dosen_v2\view\main\MainActivity.kt D:\Project\android\ais_dosen_v2-develop\app\src\main\java\com\example\ais_dosen_v2\view\main\PagerAdapter.kt D:\Project\android\ais_dosen_v2-develop\app\src\main\java\com\example\ais_dosen_v2\view\main\pages\AttendanceFragment.kt D:\Project\android\ais_dosen_v2-develop\app\src\main\java\com\example\ais_dosen_v2\view\main\pages\LectureFragment.kt D:\Project\android\ais_dosen_v2-develop\app\src\main\java\com\example\ais_dosen_v2\view\membership\LoginActivity.kt D:\Project\android\ais_dosen_v2-develop\app\src\main\java\com\example\ais_dosen_v2\viewmodel\MainViewModel.kt D:\Project\android\ais_dosen_v2-develop\app\src\main\java\com\example\ais_dosen_v2\viewmodel\MembershipViewModel.kt

Host: Intel(R) Core(TM) i5-7200U CPU @ 2.50GHz, 4 cores, 7G,  Windows 10 , 64 bit Build 18362 (10.0.18362.329)
Time: Tue Mar 31 12:10:35 2020 SE Asia Standard Time elapsed time: 10 seconds (0d 0h 0m 10s)

---------------  T H R E A D  ---------------

Current thread (0x000002267fc45800):  JavaThread "C2 CompilerThread1" daemon [_thread_in_native, id=14556, stack(0x00000039a4d00000,0x00000039a4e00000)]


Current CompileTask:
C2:  10841 10196       4       org.jetbrains.kotlin.com.intellij.extapi.psi.StubBasedPsiElementBase::getStubOrPsiChildren (118 bytes)

Stack: [0x00000039a4d00000,0x00000039a4e00000]
Native frames: (J=compiled Java code, j=interpreted, Vv=VM code, C=native code)
V  [jvm.dll+0x5a01a9]
V  [jvm.dll+0x6bcf31]
V  [jvm.dll+0x6be126]
V  [jvm.dll+0x6be7b3]
V  [jvm.dll+0x234978]
V  [jvm.dll+0xbb69c]
V  [jvm.dll+0xbbbac]
V  [jvm.dll+0x34be98]
V  [jvm.dll+0x3110aa]
V  [jvm.dll+0x31063a]
V  [jvm.dll+0x1ffe91]
V  [jvm.dll+0x1ff116]
V  [jvm.dll+0x17c94b]
V  [jvm.dll+0x20c8dd]
V  [jvm.dll+0x20b6a6]
V  [jvm.dll+0x68b7ff]
V  [jvm.dll+0x59f4b0]
C  [msvcr120.dll+0x24f7f]
C  [msvcr120.dll+0x25126]
C  [KERNEL32.DLL+0x17bd4]
C  [ntdll.dll+0x6ced1]


---------------  P R O C E S S  ---------------

Threads class SMR info:
_java_thread_list=0x000002267fdd71e0, length=11, elements={
0x000002265e085800, 0x000002267f3cf800, 0x000002267f3d2000, 0x000002267fc32800,
0x000002267fc33000, 0x000002267fc36800, 0x000002267fc45800, 0x000002267fc4a000,
0x000002267f3d7000, 0x000002267fe07800, 0x000002267fe10800
}

Java Threads: ( => current thread )
  0x000002265e085800 JavaThread "main" [_thread_in_native, id=6816, stack(0x00000039a3b00000,0x00000039a3c00000)]
  0x000002267f3cf800 JavaThread "Reference Handler" daemon [_thread_blocked, id=8656, stack(0x00000039a4800000,0x00000039a4900000)]
  0x000002267f3d2000 JavaThread "Finalizer" daemon [_thread_blocked, id=13208, stack(0x00000039a4900000,0x00000039a4a00000)]
  0x000002267fc32800 JavaThread "Signal Dispatcher" daemon [_thread_blocked, id=13740, stack(0x00000039a4a00000,0x00000039a4b00000)]
  0x000002267fc33000 JavaThread "Attach Listener" daemon [_thread_blocked, id=11552, stack(0x00000039a4b00000,0x00000039a4c00000)]
  0x000002267fc36800 JavaThread "C2 CompilerThread0" daemon [_thread_in_native, id=9544, stack(0x00000039a4c00000,0x00000039a4d00000)]
=>0x000002267fc45800 JavaThread "C2 CompilerThread1" daemon [_thread_in_native, id=14556, stack(0x00000039a4d00000,0x00000039a4e00000)]
  0x000002267fc4a000 JavaThread "C1 CompilerThread2" daemon [_thread_blocked, id=15644, stack(0x00000039a4e00000,0x00000039a4f00000)]
  0x000002267f3d7000 JavaThread "Sweeper thread" daemon [_thread_blocked, id=14764, stack(0x00000039a4f00000,0x00000039a5000000)]
  0x000002267fe07800 JavaThread "Service Thread" daemon [_thread_blocked, id=7788, stack(0x00000039a5000000,0x00000039a5100000)]
  0x000002267fe10800 JavaThread "Common-Cleaner" daemon [_thread_blocked, id=3876, stack(0x00000039a5100000,0x00000039a5200000)]

Other Threads:
  0x000002267f3ca800 VMThread "VM Thread" [stack: 0x00000039a4700000,0x00000039a4800000] [id=10852]
  0x000002267fe11000 WatcherThread [stack: 0x00000039a5200000,0x00000039a5300000] [id=5000]
  0x000002265c04b000 GCTaskThread "GC Thread#0" [stack: 0x00000039a3c00000,0x00000039a3d00000] [id=13364]
  0x000002265c04c000 GCTaskThread "GC Thread#1" [stack: 0x00000039a3d00000,0x00000039a3e00000] [id=13060]
  0x000002265c04e800 GCTaskThread "GC Thread#2" [stack: 0x00000039a3e00000,0x00000039a3f00000] [id=3616]
  0x000002265e0a2000 GCTaskThread "GC Thread#3" [stack: 0x00000039a3f00000,0x00000039a4000000] [id=11980]
  0x000002265e110800 ConcurrentGCThread "G1 Main Marker" [stack: 0x00000039a4000000,0x00000039a4100000] [id=8968]
  0x000002265e119800 ConcurrentGCThread "G1 Conc#0" [stack: 0x00000039a4100000,0x00000039a4200000] [id=7664]
  0x000002267f25c000 ConcurrentGCThread "G1 Refine#0" [stack: 0x00000039a4200000,0x00000039a4300000] [id=2412]
  0x000002267f25d000 ConcurrentGCThread "G1 Refine#1" [stack: 0x00000039a4300000,0x00000039a4400000] [id=9608]
  0x000002267f25f000 ConcurrentGCThread "G1 Refine#2" [stack: 0x00000039a4400000,0x00000039a4500000] [id=14728]
  0x000002267f261800 ConcurrentGCThread "G1 Refine#3" [stack: 0x00000039a4500000,0x00000039a4600000] [id=10996]
  0x000002267f265000 ConcurrentGCThread "G1 Young RemSet Sampling" [stack: 0x00000039a4600000,0x00000039a4700000] [id=9816]

Threads with active compile tasks:
C2 CompilerThread010227       4       org.jetbrains.kotlin.com.intellij.psi.impl.source.SubstrateRef$2::getContainingFile (31 bytes)
C2 CompilerThread110196       4       org.jetbrains.kotlin.com.intellij.extapi.psi.StubBasedPsiElementBase::getStubOrPsiChildren (118 bytes)

VM state:not at safepoint (normal execution)

VM Mutex/Monitor currently owned by a thread: None

Heap address: 0x0000000082000000, size: 2016 MB, Compressed Oops mode: 32-bit
Narrow klass base: 0x0000000000000000, Narrow klass shift: 3
Compressed class space size: 1073741824 Address: 0x0000000100000000

Heap:
 garbage-first heap   total 187392K, used 77661K [0x0000000082000000, 0x0000000100000000)
  region size 1024K, 11 young (11264K), 5 survivors (5120K)
 Metaspace       used 63896K, capacity 64563K, committed 65356K, reserved 1107968K
  class space    used 7142K, capacity 7433K, committed 7500K, reserved 1048576K
Heap Regions: E=young(eden), S=young(survivor), O=old, HS=humongous(starts), HC=humongous(continues), CS=collection set, F=free, A=archive, TS=gc time stamp, AC=allocation context, TAMS=top-at-mark-start (previous, next)
|   0|0x0000000082000000, 0x0000000082100000, 0x0000000082100000|100%|HS|  |TS  0|AC  0|TAMS 0x0000000082100000, 0x0000000082100000|
|   1|0x0000000082100000, 0x0000000082200000, 0x0000000082200000|100%|HC|  |TS  0|AC  0|TAMS 0x0000000082200000, 0x0000000082200000|
|   2|0x0000000082200000, 0x0000000082300000, 0x0000000082300000|100%|HC|  |TS  0|AC  0|TAMS 0x0000000082300000, 0x0000000082300000|
|   3|0x0000000082300000, 0x0000000082400000, 0x0000000082400000|100%| O|  |TS  0|AC  0|TAMS 0x0000000082400000, 0x0000000082400000|
|   4|0x0000000082400000, 0x0000000082500000, 0x0000000082500000|100%| O|  |TS  0|AC  0|TAMS 0x0000000082500000, 0x0000000082500000|
|   5|0x0000000082500000, 0x0000000082600000, 0x0000000082600000|100%| O|  |TS  0|AC  0|TAMS 0x0000000082600000, 0x0000000082600000|
|   6|0x0000000082600000, 0x0000000082700000, 0x0000000082700000|100%| O|  |TS  0|AC  0|TAMS 0x0000000082700000, 0x0000000082700000|
|   7|0x0000000082700000, 0x0000000082800000, 0x0000000082800000|100%| O|  |TS  0|AC  0|TAMS 0x0000000082800000, 0x0000000082800000|
|   8|0x0000000082800000, 0x0000000082900000, 0x0000000082900000|100%| O|  |TS  0|AC  0|TAMS 0x0000000082900000, 0x0000000082900000|
|   9|0x0000000082900000, 0x0000000082a00000, 0x0000000082a00000|100%| O|  |TS  0|AC  0|TAMS 0x0000000082a00000, 0x0000000082a00000|
|  10|0x0000000082a00000, 0x0000000082b00000, 0x0000000082b00000|100%| O|  |TS  0|AC  0|TAMS 0x0000000082b00000, 0x0000000082b00000|
|  11|0x0000000082b00000, 0x0000000082c00000, 0x0000000082c00000|100%| O|  |TS  0|AC  0|TAMS 0x0000000082c00000, 0x0000000082c00000|
|  12|0x0000000082c00000, 0x0000000082d00000, 0x0000000082d00000|100%| O|  |TS  0|AC  0|TAMS 0x0000000082d00000, 0x0000000082d00000|
|  13|0x0000000082d00000, 0x0000000082e00000, 0x0000000082e00000|100%| O|  |TS  0|AC  0|TAMS 0x0000000082e00000, 0x0000000082e00000|
|  14|0x0000000082e00000, 0x0000000082f00000, 0x0000000082f00000|100%| O|  |TS  0|AC  0|TAMS 0x0000000082f00000, 0x0000000082f00000|
|  15|0x0000000082f00000, 0x0000000083000000, 0x0000000083000000|100%| O|  |TS  0|AC  0|TAMS 0x0000000083000000, 0x0000000083000000|
|  16|0x0000000083000000, 0x0000000083100000, 0x0000000083100000|100%|HS|  |TS  0|AC  0|TAMS 0x0000000083100000, 0x0000000083100000|
|  17|0x0000000083100000, 0x0000000083200000, 0x0000000083200000|100%|HC|  |TS  0|AC  0|TAMS 0x0000000083200000, 0x0000000083200000|
|  18|0x0000000083200000, 0x0000000083300000, 0x0000000083300000|100%| O|  |TS  1|AC  0|TAMS 0x000000008328ae00, 0x000000008328ae00|
|  19|0x0000000083300000, 0x0000000083400000, 0x0000000083400000|100%| O|  |TS  1|AC  0|TAMS 0x0000000083300000, 0x0000000083300000|
|  20|0x0000000083400000, 0x0000000083500000, 0x0000000083500000|100%| O|  |TS  1|AC  0|TAMS 0x0000000083400000, 0x0000000083400000|
|  21|0x0000000083500000, 0x0000000083600000, 0x0000000083600000|100%| O|  |TS  1|AC  0|TAMS 0x0000000083500000, 0x0000000083500000|
|  22|0x0000000083600000, 0x0000000083700000, 0x0000000083700000|100%| O|  |TS  1|AC  0|TAMS 0x0000000083600000, 0x0000000083600000|
|  23|0x0000000083700000, 0x0000000083800000, 0x0000000083800000|100%| O|  |TS  1|AC  0|TAMS 0x0000000083700000, 0x0000000083700000|
|  24|0x0000000083800000, 0x0000000083900000, 0x0000000083900000|100%| O|  |TS  1|AC  0|TAMS 0x0000000083800000, 0x0000000083800000|
|  25|0x0000000083900000, 0x0000000083a00000, 0x0000000083a00000|100%| O|  |TS  1|AC  0|TAMS 0x0000000083900000, 0x0000000083900000|
|  26|0x0000000083a00000, 0x0000000083b00000, 0x0000000083b00000|100%| O|  |TS  1|AC  0|TAMS 0x0000000083a00000, 0x0000000083a00000|
|  27|0x0000000083b00000, 0x0000000083c00000, 0x0000000083c00000|100%| O|  |TS  1|AC  0|TAMS 0x0000000083b00000, 0x0000000083b00000|
|  28|0x0000000083c00000, 0x0000000083d00000, 0x0000000083d00000|100%| O|  |TS  1|AC  0|TAMS 0x0000000083c00000, 0x0000000083c00000|
|  29|0x0000000083d00000, 0x0000000083e00000, 0x0000000083e00000|100%| O|  |TS  2|AC  0|TAMS 0x0000000083d00000, 0x0000000083d00000|
|  30|0x0000000083e00000, 0x0000000083f00000, 0x0000000083f00000|100%| O|  |TS  2|AC  0|TAMS 0x0000000083e00000, 0x0000000083e00000|
|  31|0x0000000083f00000, 0x0000000084000000, 0x0000000084000000|100%| O|  |TS  2|AC  0|TAMS 0x0000000083f00000, 0x0000000083f00000|
|  32|0x0000000084000000, 0x0000000084100000, 0x0000000084100000|100%| O|  |TS  2|AC  0|TAMS 0x0000000084000000, 0x0000000084000000|
|  33|0x0000000084100000, 0x0000000084200000, 0x0000000084200000|100%| O|  |TS  2|AC  0|TAMS 0x0000000084100000, 0x0000000084100000|
|  34|0x0000000084200000, 0x0000000084300000, 0x0000000084300000|100%| O|  |TS  2|AC  0|TAMS 0x0000000084200000, 0x0000000084200000|
|  35|0x0000000084300000, 0x0000000084400000, 0x0000000084400000|100%| O|  |TS  2|AC  0|TAMS 0x0000000084300000, 0x0000000084300000|
|  36|0x0000000084400000, 0x0000000084500000, 0x0000000084500000|100%| O|  |TS  2|AC  0|TAMS 0x0000000084400000, 0x0000000084400000|
|  37|0x0000000084500000, 0x0000000084600000, 0x0000000084600000|100%| O|  |TS  2|AC  0|TAMS 0x0000000084500000, 0x0000000084500000|
|  38|0x0000000084600000, 0x0000000084700000, 0x0000000084700000|100%| O|  |TS  2|AC  0|TAMS 0x0000000084600000, 0x0000000084600000|
|  39|0x0000000084700000, 0x0000000084800000, 0x0000000084800000|100%| O|  |TS  2|AC  0|TAMS 0x0000000084700000, 0x0000000084700000|
|  40|0x0000000084800000, 0x0000000084900000, 0x0000000084900000|100%| O|  |TS  3|AC  0|TAMS 0x0000000084800000, 0x0000000084800000|
|  41|0x0000000084900000, 0x0000000084a00000, 0x0000000084a00000|100%|HS|  |TS  3|AC  0|TAMS 0x0000000084900000, 0x0000000084900000|
|  42|0x0000000084a00000, 0x0000000084b00000, 0x0000000084b00000|100%|HC|  |TS  3|AC  0|TAMS 0x0000000084a00000, 0x0000000084a00000|
|  43|0x0000000084b00000, 0x0000000084c00000, 0x0000000084c00000|100%| O|  |TS  4|AC  0|TAMS 0x0000000084b00000, 0x0000000084b00000|
|  44|0x0000000084c00000, 0x0000000084d00000, 0x0000000084d00000|100%| O|  |TS  4|AC  0|TAMS 0x0000000084c00000, 0x0000000084c00000|
|  45|0x0000000084d00000, 0x0000000084e00000, 0x0000000084e00000|100%| O|  |TS  4|AC  0|TAMS 0x0000000084d00000, 0x0000000084d00000|
|  46|0x0000000084e00000, 0x0000000084f00000, 0x0000000084f00000|100%| O|  |TS  4|AC  0|TAMS 0x0000000084e00000, 0x0000000084e00000|
|  47|0x0000000084f00000, 0x0000000085000000, 0x0000000085000000|100%| O|  |TS  4|AC  0|TAMS 0x0000000084f00000, 0x0000000084f00000|
|  48|0x0000000085000000, 0x0000000085100000, 0x0000000085100000|100%|HS|  |TS  0|AC  0|TAMS 0x0000000085000000, 0x0000000085000000|
|  49|0x0000000085100000, 0x0000000085200000, 0x0000000085200000|100%|HC|  |TS  0|AC  0|TAMS 0x0000000085100000, 0x0000000085100000|
|  50|0x0000000085200000, 0x0000000085300000, 0x0000000085300000|100%|HC|  |TS  1|AC  0|TAMS 0x0000000085200000, 0x0000000085200000|
|  51|0x0000000085300000, 0x0000000085400000, 0x0000000085400000|100%| O|  |TS  4|AC  0|TAMS 0x0000000085300000, 0x0000000085300000|
|  52|0x0000000085400000, 0x0000000085500000, 0x0000000085500000|100%| O|  |TS  4|AC  0|TAMS 0x0000000085400000, 0x0000000085400000|
|  53|0x0000000085500000, 0x0000000085600000, 0x0000000085600000|100%|HS|  |TS  1|AC  0|TAMS 0x0000000085500000, 0x0000000085500000|
|  54|0x0000000085600000, 0x0000000085700000, 0x0000000085700000|100%|HC|  |TS  1|AC  0|TAMS 0x0000000085600000, 0x0000000085600000|
|  55|0x0000000085700000, 0x0000000085800000, 0x0000000085800000|100%| O|  |TS  3|AC  0|TAMS 0x0000000085700000, 0x0000000085700000|
|  56|0x0000000085800000, 0x0000000085900000, 0x0000000085900000|100%| O|  |TS  3|AC  0|TAMS 0x0000000085800000, 0x0000000085800000|
|  57|0x0000000085900000, 0x0000000085a00000, 0x0000000085a00000|100%| O|  |TS  3|AC  0|TAMS 0x0000000085900000, 0x0000000085900000|
|  58|0x0000000085a00000, 0x0000000085b00000, 0x0000000085b00000|100%| O|  |TS  3|AC  0|TAMS 0x0000000085a00000, 0x0000000085a00000|
|  59|0x0000000085b00000, 0x0000000085c00000, 0x0000000085c00000|100%| O|  |TS  3|AC  0|TAMS 0x0000000085b00000, 0x0000000085b00000|
|  60|0x0000000085c00000, 0x0000000085d00000, 0x0000000085d00000|100%| O|  |TS  3|AC  0|TAMS 0x0000000085c00000, 0x0000000085c00000|
|  61|0x0000000085d00000, 0x0000000085e00000, 0x0000000085e00000|100%| O|  |TS  3|AC  0|TAMS 0x0000000085d00000, 0x0000000085d00000|
|  62|0x0000000085e00000, 0x0000000085f00000, 0x0000000085f00000|100%| O|  |TS  3|AC  0|TAMS 0x0000000085e00000, 0x0000000085e00000|
|  63|0x0000000085f00000, 0x0000000086000000, 0x0000000086000000|100%| O|  |TS  4|AC  0|TAMS 0x0000000085f00000, 0x0000000085f00000|
|  64|0x0000000086000000, 0x0000000086100000, 0x0000000086100000|100%| O|  |TS  4|AC  0|TAMS 0x0000000086000000, 0x0000000086000000|
|  65|0x0000000086100000, 0x0000000086200000, 0x0000000086200000|100%| O|  |TS  4|AC  0|TAMS 0x0000000086100000, 0x0000000086100000|
|  66|0x0000000086200000, 0x0000000086200000, 0x0000000086300000|  0%| F|  |TS  0|AC  0|TAMS 0x0000000086200000, 0x0000000086200000|
|  67|0x0000000086300000, 0x0000000086300000, 0x0000000086400000|  0%| F|  |TS  0|AC  0|TAMS 0x0000000086300000, 0x0000000086300000|
|  68|0x0000000086400000, 0x0000000086400000, 0x0000000086500000|  0%| F|  |TS  0|AC  0|TAMS 0x0000000086400000, 0x0000000086400000|
|  69|0x0000000086500000, 0x0000000086500000, 0x0000000086600000|  0%| F|  |TS  0|AC  0|TAMS 0x0000000086500000, 0x0000000086500000|
|  70|0x0000000086600000, 0x0000000086600000, 0x0000000086700000|  0%| F|  |TS  0|AC  0|TAMS 0x0000000086600000, 0x0000000086600000|
|  71|0x0000000086700000, 0x0000000086700000, 0x0000000086800000|  0%| F|  |TS  0|AC  0|TAMS 0x0000000086700000, 0x0000000086700000|
|  72|0x0000000086800000, 0x0000000086800000, 0x0000000086900000|  0%| F|  |TS  0|AC  0|TAMS 0x0000000086800000, 0x0000000086800000|
|  73|0x0000000086900000, 0x0000000086900000, 0x0000000086a00000|  0%| F|  |TS  2|AC  0|TAMS 0x0000000086900000, 0x0000000086900000|
|  74|0x0000000086a00000, 0x0000000086a00000, 0x0000000086b00000|  0%| F|  |TS  2|AC  0|TAMS 0x0000000086a00000, 0x0000000086a00000|
|  75|0x0000000086b00000, 0x0000000086b00000, 0x0000000086c00000|  0%| F|  |TS  2|AC  0|TAMS 0x0000000086b00000, 0x0000000086b00000|
|  76|0x0000000086c00000, 0x0000000086c00000, 0x0000000086d00000|  0%| F|  |TS  4|AC  0|TAMS 0x0000000086c00000, 0x0000000086c00000|
|  77|0x0000000086d00000, 0x0000000086d00000, 0x0000000086e00000|  0%| F|  |TS  4|AC  0|TAMS 0x0000000086d00000, 0x0000000086d00000|
|  78|0x0000000086e00000, 0x0000000086e00000, 0x0000000086f00000|  0%| F|  |TS  4|AC  0|TAMS 0x0000000086e00000, 0x0000000086e00000|
|  79|0x0000000086f00000, 0x0000000086f00000, 0x0000000087000000|  0%| F|  |TS  4|AC  0|TAMS 0x0000000086f00000, 0x0000000086f00000|
|  80|0x0000000087000000, 0x0000000087000000, 0x0000000087100000|  0%| F|  |TS  4|AC  0|TAMS 0x0000000087000000, 0x0000000087000000|
|  81|0x0000000087100000, 0x0000000087100000, 0x0000000087200000|  0%| F|  |TS  4|AC  0|TAMS 0x0000000087100000, 0x0000000087100000|
|  82|0x0000000087200000, 0x0000000087200000, 0x0000000087300000|  0%| F|  |TS  4|AC  0|TAMS 0x0000000087200000, 0x0000000087200000|
|  83|0x0000000087300000, 0x0000000087300000, 0x0000000087400000|  0%| F|  |TS  4|AC  0|TAMS 0x0000000087300000, 0x0000000087300000|
|  84|0x0000000087400000, 0x0000000087400000, 0x0000000087500000|  0%| F|  |TS  4|AC  0|TAMS 0x0000000087400000, 0x0000000087400000|
|  85|0x0000000087500000, 0x0000000087500000, 0x0000000087600000|  0%| F|  |TS  3|AC  0|TAMS 0x0000000087500000, 0x0000000087500000|
|  86|0x0000000087600000, 0x0000000087600000, 0x0000000087700000|  0%| F|  |TS  3|AC  0|TAMS 0x0000000087600000, 0x0000000087600000|
|  87|0x0000000087700000, 0x0000000087700000, 0x0000000087800000|  0%| F|  |TS  3|AC  0|TAMS 0x0000000087700000, 0x0000000087700000|
|  88|0x0000000087800000, 0x0000000087800000, 0x0000000087900000|  0%| F|  |TS  3|AC  0|TAMS 0x0000000087800000, 0x0000000087800000|
|  89|0x0000000087900000, 0x0000000087900000, 0x0000000087a00000|  0%| F|  |TS  3|AC  0|TAMS 0x0000000087900000, 0x0000000087900000|
|  90|0x0000000087a00000, 0x0000000087a00000, 0x0000000087b00000|  0%| F|  |TS  3|AC  0|TAMS 0x0000000087a00000, 0x0000000087a00000|
|  91|0x0000000087b00000, 0x0000000087b00000, 0x0000000087c00000|  0%| F|  |TS  3|AC  0|TAMS 0x0000000087b00000, 0x0000000087b00000|
|  92|0x0000000087c00000, 0x0000000087c00000, 0x0000000087d00000|  0%| F|  |TS  3|AC  0|TAMS 0x0000000087c00000, 0x0000000087c00000|
|  93|0x0000000087d00000, 0x0000000087d00000, 0x0000000087e00000|  0%| F|  |TS  3|AC  0|TAMS 0x0000000087d00000, 0x0000000087d00000|
|  94|0x0000000087e00000, 0x0000000087e00000, 0x0000000087f00000|  0%| F|  |TS  3|AC  0|TAMS 0x0000000087e00000, 0x0000000087e00000|
|  95|0x0000000087f00000, 0x0000000087f00000, 0x0000000088000000|  0%| F|  |TS  3|AC  0|TAMS 0x0000000087f00000, 0x0000000087f00000|
|  96|0x0000000088000000, 0x0000000088000000, 0x0000000088100000|  0%| F|  |TS  3|AC  0|TAMS 0x0000000088000000, 0x0000000088000000|
|  97|0x0000000088100000, 0x00000000881d7470, 0x0000000088200000| 84%| S|CS|TS  4|AC  0|TAMS 0x0000000088100000, 0x0000000088100000|
|  98|0x0000000088200000, 0x0000000088300000, 0x0000000088300000|100%| S|CS|TS  4|AC  0|TAMS 0x0000000088200000, 0x0000000088200000|
|  99|0x0000000088300000, 0x0000000088400000, 0x0000000088400000|100%| S|CS|TS  4|AC  0|TAMS 0x0000000088300000, 0x0000000088300000|
| 100|0x0000000088400000, 0x0000000088500000, 0x0000000088500000|100%| S|CS|TS  4|AC  0|TAMS 0x0000000088400000, 0x0000000088400000|
| 101|0x0000000088500000, 0x0000000088600000, 0x0000000088600000|100%| S|CS|TS  4|AC  0|TAMS 0x0000000088500000, 0x0000000088500000|
| 102|0x0000000088600000, 0x0000000088600000, 0x0000000088700000|  0%| F|  |TS  4|AC  0|TAMS 0x0000000088600000, 0x0000000088600000|
| 103|0x0000000088700000, 0x0000000088700000, 0x0000000088800000|  0%| F|  |TS  4|AC  0|TAMS 0x0000000088700000, 0x0000000088700000|
| 104|0x0000000088800000, 0x0000000088800000, 0x0000000088900000|  0%| F|  |TS  4|AC  0|TAMS 0x0000000088800000, 0x0000000088800000|
| 105|0x0000000088900000, 0x0000000088900000, 0x0000000088a00000|  0%| F|  |TS  4|AC  0|TAMS 0x0000000088900000, 0x0000000088900000|
| 106|0x0000000088a00000, 0x0000000088a00000, 0x0000000088b00000|  0%| F|  |TS  4|AC  0|TAMS 0x0000000088a00000, 0x0000000088a00000|
| 107|0x0000000088b00000, 0x0000000088b00000, 0x0000000088c00000|  0%| F|  |TS  4|AC  0|TAMS 0x0000000088b00000, 0x0000000088b00000|
| 108|0x0000000088c00000, 0x0000000088c00000, 0x0000000088d00000|  0%| F|  |TS  4|AC  0|TAMS 0x0000000088c00000, 0x0000000088c00000|
| 109|0x0000000088d00000, 0x0000000088d00000, 0x0000000088e00000|  0%| F|  |TS  4|AC  0|TAMS 0x0000000088d00000, 0x0000000088d00000|
| 110|0x0000000088e00000, 0x0000000088e00000, 0x0000000088f00000|  0%| F|  |TS  4|AC  0|TAMS 0x0000000088e00000, 0x0000000088e00000|
| 111|0x0000000088f00000, 0x0000000088f00000, 0x0000000089000000|  0%| F|  |TS  4|AC  0|TAMS 0x0000000088f00000, 0x0000000088f00000|
| 112|0x0000000089000000, 0x0000000089000000, 0x0000000089100000|  0%| F|  |TS  4|AC  0|TAMS 0x0000000089000000, 0x0000000089000000|
| 113|0x0000000089100000, 0x0000000089100000, 0x0000000089200000|  0%| F|  |TS  4|AC  0|TAMS 0x0000000089100000, 0x0000000089100000|
| 114|0x0000000089200000, 0x0000000089200000, 0x0000000089300000|  0%| F|  |TS  4|AC  0|TAMS 0x0000000089200000, 0x0000000089200000|
| 115|0x0000000089300000, 0x0000000089300000, 0x0000000089400000|  0%| F|  |TS  4|AC  0|TAMS 0x0000000089300000, 0x0000000089300000|
| 116|0x0000000089400000, 0x0000000089400000, 0x0000000089500000|  0%| F|  |TS  4|AC  0|TAMS 0x0000000089400000, 0x0000000089400000|
| 117|0x0000000089500000, 0x0000000089500000, 0x0000000089600000|  0%| F|  |TS  4|AC  0|TAMS 0x0000000089500000, 0x0000000089500000|
| 118|0x0000000089600000, 0x0000000089600000, 0x0000000089700000|  0%| F|  |TS  4|AC  0|TAMS 0x0000000089600000, 0x0000000089600000|
| 119|0x0000000089700000, 0x0000000089700000, 0x0000000089800000|  0%| F|  |TS  4|AC  0|TAMS 0x0000000089700000, 0x0000000089700000|
| 120|0x0000000089800000, 0x0000000089800000, 0x0000000089900000|  0%| F|  |TS  4|AC  0|TAMS 0x0000000089800000, 0x0000000089800000|
| 121|0x0000000089900000, 0x0000000089900000, 0x0000000089a00000|  0%| F|  |TS  4|AC  0|TAMS 0x0000000089900000, 0x0000000089900000|
| 122|0x0000000089a00000, 0x0000000089a00000, 0x0000000089b00000|  0%| F|  |TS  4|AC  0|TAMS 0x0000000089a00000, 0x0000000089a00000|
| 123|0x0000000089b00000, 0x0000000089b00000, 0x0000000089c00000|  0%| F|  |TS  4|AC  0|TAMS 0x0000000089b00000, 0x0000000089b00000|
| 124|0x0000000089c00000, 0x0000000089c00000, 0x0000000089d00000|  0%| F|  |TS  4|AC  0|TAMS 0x0000000089c00000, 0x0000000089c00000|
| 125|0x0000000089d00000, 0x0000000089d00000, 0x0000000089e00000|  0%| F|  |TS  4|AC  0|TAMS 0x0000000089d00000, 0x0000000089d00000|
| 126|0x0000000089e00000, 0x0000000089e00000, 0x0000000089f00000|  0%| F|  |TS  4|AC  0|TAMS 0x0000000089e00000, 0x0000000089e00000|
| 127|0x0000000089f00000, 0x0000000089f00000, 0x000000008a000000|  0%| F|  |TS  4|AC  0|TAMS 0x0000000089f00000, 0x0000000089f00000|
| 128|0x000000008a000000, 0x000000008a000000, 0x000000008a100000|  0%| F|  |TS  4|AC  0|TAMS 0x000000008a000000, 0x000000008a000000|
| 129|0x000000008a100000, 0x000000008a100000, 0x000000008a200000|  0%| F|  |TS  4|AC  0|TAMS 0x000000008a100000, 0x000000008a100000|
| 130|0x000000008a200000, 0x000000008a200000, 0x000000008a300000|  0%| F|  |TS  4|AC  0|TAMS 0x000000008a200000, 0x000000008a200000|
| 131|0x000000008a300000, 0x000000008a300000, 0x000000008a400000|  0%| F|  |TS  4|AC  0|TAMS 0x000000008a300000, 0x000000008a300000|
| 132|0x000000008a400000, 0x000000008a400000, 0x000000008a500000|  0%| F|  |TS  4|AC  0|TAMS 0x000000008a400000, 0x000000008a400000|
| 133|0x000000008a500000, 0x000000008a500000, 0x000000008a600000|  0%| F|  |TS  4|AC  0|TAMS 0x000000008a500000, 0x000000008a500000|
| 134|0x000000008a600000, 0x000000008a600000, 0x000000008a700000|  0%| F|  |TS  4|AC  0|TAMS 0x000000008a600000, 0x000000008a600000|
| 135|0x000000008a700000, 0x000000008a700000, 0x000000008a800000|  0%| F|  |TS  4|AC  0|TAMS 0x000000008a700000, 0x000000008a700000|
| 136|0x000000008a800000, 0x000000008a800000, 0x000000008a900000|  0%| F|  |TS  4|AC  0|TAMS 0x000000008a800000, 0x000000008a800000|
| 137|0x000000008a900000, 0x000000008a900000, 0x000000008aa00000|  0%| F|  |TS  4|AC  0|TAMS 0x000000008a900000, 0x000000008a900000|
| 138|0x000000008aa00000, 0x000000008aa00000, 0x000000008ab00000|  0%| F|  |TS  4|AC  0|TAMS 0x000000008aa00000, 0x000000008aa00000|
| 139|0x000000008ab00000, 0x000000008ab00000, 0x000000008ac00000|  0%| F|  |TS  4|AC  0|TAMS 0x000000008ab00000, 0x000000008ab00000|
| 140|0x000000008ac00000, 0x000000008ac00000, 0x000000008ad00000|  0%| F|  |TS  4|AC  0|TAMS 0x000000008ac00000, 0x000000008ac00000|
| 141|0x000000008ad00000, 0x000000008ad00000, 0x000000008ae00000|  0%| F|  |TS  4|AC  0|TAMS 0x000000008ad00000, 0x000000008ad00000|
| 142|0x000000008ae00000, 0x000000008ae00000, 0x000000008af00000|  0%| F|  |TS  4|AC  0|TAMS 0x000000008ae00000, 0x000000008ae00000|
| 143|0x000000008af00000, 0x000000008af00000, 0x000000008b000000|  0%| F|  |TS  4|AC  0|TAMS 0x000000008af00000, 0x000000008af00000|
| 144|0x000000008b000000, 0x000000008b000000, 0x000000008b100000|  0%| F|  |TS  4|AC  0|TAMS 0x000000008b000000, 0x000000008b000000|
| 145|0x000000008b100000, 0x000000008b100000, 0x000000008b200000|  0%| F|  |TS  4|AC  0|TAMS 0x000000008b100000, 0x000000008b100000|
| 146|0x000000008b200000, 0x000000008b200000, 0x000000008b300000|  0%| F|  |TS  4|AC  0|TAMS 0x000000008b200000, 0x000000008b200000|
| 147|0x000000008b300000, 0x000000008b300000, 0x000000008b400000|  0%| F|  |TS  4|AC  0|TAMS 0x000000008b300000, 0x000000008b300000|
| 148|0x000000008b400000, 0x000000008b400000, 0x000000008b500000|  0%| F|  |TS  4|AC  0|TAMS 0x000000008b400000, 0x000000008b400000|
| 149|0x000000008b500000, 0x000000008b500000, 0x000000008b600000|  0%| F|  |TS  4|AC  0|TAMS 0x000000008b500000, 0x000000008b500000|
| 150|0x000000008b600000, 0x000000008b600000, 0x000000008b700000|  0%| F|  |TS  4|AC  0|TAMS 0x000000008b600000, 0x000000008b600000|
| 151|0x000000008b700000, 0x000000008b700000, 0x000000008b800000|  0%| F|  |TS  4|AC  0|TAMS 0x000000008b700000, 0x000000008b700000|
| 152|0x000000008b800000, 0x000000008b800000, 0x000000008b900000|  0%| F|  |TS  4|AC  0|TAMS 0x000000008b800000, 0x000000008b800000|
| 153|0x000000008b900000, 0x000000008b900000, 0x000000008ba00000|  0%| F|  |TS  4|AC  0|TAMS 0x000000008b900000, 0x000000008b900000|
| 154|0x000000008ba00000, 0x000000008ba00000, 0x000000008bb00000|  0%| F|  |TS  4|AC  0|TAMS 0x000000008ba00000, 0x000000008ba00000|
| 155|0x000000008bb00000, 0x000000008bb00000, 0x000000008bc00000|  0%| F|  |TS  4|AC  0|TAMS 0x000000008bb00000, 0x000000008bb00000|
| 156|0x000000008bc00000, 0x000000008bc00000, 0x000000008bd00000|  0%| F|  |TS  4|AC  0|TAMS 0x000000008bc00000, 0x000000008bc00000|
| 157|0x000000008bd00000, 0x000000008bd00000, 0x000000008be00000|  0%| F|  |TS  4|AC  0|TAMS 0x000000008bd00000, 0x000000008bd00000|
| 158|0x000000008be00000, 0x000000008be00000, 0x000000008bf00000|  0%| F|  |TS  4|AC  0|TAMS 0x000000008be00000, 0x000000008be00000|
| 159|0x000000008bf00000, 0x000000008bf00000, 0x000000008c000000|  0%| F|  |TS  4|AC  0|TAMS 0x000000008bf00000, 0x000000008bf00000|
| 160|0x000000008c000000, 0x000000008c000000, 0x000000008c100000|  0%| F|  |TS  4|AC  0|TAMS 0x000000008c000000, 0x000000008c000000|
| 161|0x000000008c100000, 0x000000008c100000, 0x000000008c200000|  0%| F|  |TS  4|AC  0|TAMS 0x000000008c100000, 0x000000008c100000|
| 162|0x000000008c200000, 0x000000008c200000, 0x000000008c300000|  0%| F|  |TS  4|AC  0|TAMS 0x000000008c200000, 0x000000008c200000|
| 163|0x000000008c300000, 0x000000008c300000, 0x000000008c400000|  0%| F|  |TS  4|AC  0|TAMS 0x000000008c300000, 0x000000008c300000|
| 164|0x000000008c400000, 0x000000008c400000, 0x000000008c500000|  0%| F|  |TS  4|AC  0|TAMS 0x000000008c400000, 0x000000008c400000|
| 165|0x000000008c500000, 0x000000008c500000, 0x000000008c600000|  0%| F|  |TS  4|AC  0|TAMS 0x000000008c500000, 0x000000008c500000|
| 166|0x000000008c600000, 0x000000008c600000, 0x000000008c700000|  0%| F|  |TS  4|AC  0|TAMS 0x000000008c600000, 0x000000008c600000|
| 167|0x000000008c700000, 0x000000008c700000, 0x000000008c800000|  0%| F|  |TS  4|AC  0|TAMS 0x000000008c700000, 0x000000008c700000|
| 168|0x000000008c800000, 0x000000008c800000, 0x000000008c900000|  0%| F|  |TS  4|AC  0|TAMS 0x000000008c800000, 0x000000008c800000|
| 169|0x000000008c900000, 0x000000008c900000, 0x000000008ca00000|  0%| F|  |TS  4|AC  0|TAMS 0x000000008c900000, 0x000000008c900000|
| 170|0x000000008ca00000, 0x000000008ca00000, 0x000000008cb00000|  0%| F|  |TS  4|AC  0|TAMS 0x000000008ca00000, 0x000000008ca00000|
| 171|0x000000008cb00000, 0x000000008cb00000, 0x000000008cc00000|  0%| F|  |TS  4|AC  0|TAMS 0x000000008cb00000, 0x000000008cb00000|
| 172|0x000000008cc00000, 0x000000008cc00000, 0x000000008cd00000|  0%| F|  |TS  4|AC  0|TAMS 0x000000008cc00000, 0x000000008cc00000|
| 173|0x000000008cd00000, 0x000000008cd00000, 0x000000008ce00000|  0%| F|  |TS  4|AC  0|TAMS 0x000000008cd00000, 0x000000008cd00000|
| 174|0x000000008ce00000, 0x000000008ce00000, 0x000000008cf00000|  0%| F|  |TS  4|AC  0|TAMS 0x000000008ce00000, 0x000000008ce00000|
| 175|0x000000008cf00000, 0x000000008cf00000, 0x000000008d000000|  0%| F|  |TS  4|AC  0|TAMS 0x000000008cf00000, 0x000000008cf00000|
| 176|0x000000008d000000, 0x000000008d093f98, 0x000000008d100000| 57%| E|  |TS  4|AC  0|TAMS 0x000000008d000000, 0x000000008d000000|
| 177|0x000000008d100000, 0x000000008d200000, 0x000000008d200000|100%| E|CS|TS  4|AC  0|TAMS 0x000000008d100000, 0x000000008d100000|
| 178|0x000000008d200000, 0x000000008d300000, 0x000000008d300000|100%| E|CS|TS  4|AC  0|TAMS 0x000000008d200000, 0x000000008d200000|
| 179|0x000000008d300000, 0x000000008d400000, 0x000000008d400000|100%| E|CS|TS  4|AC  0|TAMS 0x000000008d300000, 0x000000008d300000|
| 180|0x000000008d400000, 0x000000008d500000, 0x000000008d500000|100%| E|CS|TS  4|AC  0|TAMS 0x000000008d400000, 0x000000008d400000|
| 181|0x000000008d500000, 0x000000008d600000, 0x000000008d600000|100%| E|CS|TS  4|AC  0|TAMS 0x000000008d500000, 0x000000008d500000|
| 182|0x000000008d600000, 0x000000008d700000, 0x000000008d700000|100%| E|CS|TS  4|AC  0|TAMS 0x000000008d600000, 0x000000008d600000|

Card table byte_map: [0x00000226787c0000,0x0000022678bb0000] byte_map_base: 0x00000226783b0000

Marking Bits (Prev, Next): (CMBitMap*) 0x000002265e10f018, (CMBitMap*) 0x000002265e10efe0
 Prev Bits: [0x000002267af20000, 0x000002267cea0000)
 Next Bits: [0x0000022678fa0000, 0x000002267af20000)

Polling page: 0x000002265bea0000

CodeHeap 'non-profiled nmethods': size=120064Kb used=4643Kb max_used=4643Kb free=115420Kb
 bounds [0x0000022670e90000, 0x0000022671320000, 0x00000226783d0000]
CodeHeap 'profiled nmethods': size=120000Kb used=21775Kb max_used=21775Kb free=98224Kb
 bounds [0x0000022669960000, 0x000002266aeb0000, 0x0000022670e90000]
CodeHeap 'non-nmethods': size=5696Kb used=1177Kb max_used=1231Kb free=4518Kb
 bounds [0x00000226693d0000, 0x0000022669640000, 0x0000022669960000]
 total_blobs=12511 nmethods=10218 adapters=421
 compilation: enabled

Compilation events (10 events):
Event: 10.833 Thread 0x000002267fc4a000 10266       3       org.jetbrains.kotlin.psi.KtLambdaExpression::accept (15 bytes)
Event: 10.834 Thread 0x000002267fc4a000 nmethod 10266 0x000002266ae93710 code [0x000002266ae938e0, 0x000002266ae93ba0]
Event: 10.834 Thread 0x000002267fc4a000 10267       3       org.jetbrains.kotlin.psi.KtParameterList::accept (15 bytes)
Event: 10.834 Thread 0x000002267fc4a000 nmethod 10267 0x000002266ae93c90 code [0x000002266ae93e60, 0x000002266ae94120]
Event: 10.834 Thread 0x000002267fc4a000 10268       3       org.jetbrains.kotlin.psi.KtVisitor::visitParameterList (16 bytes)
Event: 10.834 Thread 0x000002267fc4a000 nmethod 10268 0x000002266ae94210 code [0x000002266ae943e0, 0x000002266ae94680]
Event: 10.834 Thread 0x000002267fc4a000 10269       3       org.jetbrains.kotlin.psi.KtVisitorVoid::visitParameterList (10 bytes)
Event: 10.835 Thread 0x000002267fc4a000 nmethod 10269 0x000002266ae94790 code [0x000002266ae949c0, 0x000002266ae95190]
Event: 10.835 Thread 0x000002267fc4a000 10270       3       org.jetbrains.kotlin.psi.KtVisitorVoid::visitParameterList (17 bytes)
Event: 10.835 Thread 0x000002267fc4a000 nmethod 10270 0x000002266ae95390 code [0x000002266ae955c0, 0x000002266ae95c50]

GC Heap History (10 events):
Event: 4.543 GC heap before
{Heap before GC invocations=6 (full 0):
 garbage-first heap   total 129024K, used 86754K [0x0000000082000000, 0x0000000100000000)
  region size 1024K, 67 young (68608K), 3 survivors (3072K)
 Metaspace       used 43843K, capacity 44282K, committed 44620K, reserved 1089536K
  class space    used 5025K, capacity 5178K, committed 5196K, reserved 1048576K
}
Event: 4.558 GC heap after
{Heap after GC invocations=7 (full 0):
 garbage-first heap   total 155648K, used 28203K [0x0000000082000000, 0x0000000100000000)
  region size 1024K, 9 young (9216K), 9 survivors (9216K)
 Metaspace       used 43843K, capacity 44282K, committed 44620K, reserved 1089536K
  class space    used 5025K, capacity 5178K, committed 5196K, reserved 1048576K
}
Event: 6.286 GC heap before
{Heap before GC invocations=8 (full 0):
 garbage-first heap   total 155648K, used 98859K [0x0000000082000000, 0x0000000100000000)
  region size 1024K, 78 young (79872K), 9 survivors (9216K)
 Metaspace       used 51968K, capacity 52512K, committed 53068K, reserved 1095680K
  class space    used 5899K, capacity 6120K, committed 6220K, reserved 1048576K
}
Event: 6.314 GC heap after
{Heap after GC invocations=9 (full 0):
 garbage-first heap   total 155648K, used 40314K [0x0000000082000000, 0x0000000100000000)
  region size 1024K, 10 young (10240K), 10 survivors (10240K)
 Metaspace       used 51968K, capacity 52512K, committed 53068K, reserved 1095680K
  class space    used 5899K, capacity 6120K, committed 6220K, reserved 1048576K
}
Event: 7.923 GC heap before
{Heap before GC invocations=9 (full 0):
 garbage-first heap   total 155648K, used 99706K [0x0000000082000000, 0x0000000100000000)
  region size 1024K, 68 young (69632K), 10 survivors (10240K)
 Metaspace       used 58197K, capacity 58891K, committed 59724K, reserved 1101824K
  class space    used 6599K, capacity 6894K, committed 6988K, reserved 1048576K
}
Event: 7.949 GC heap after
{Heap after GC invocations=10 (full 0):
 garbage-first heap   total 155648K, used 47503K [0x0000000082000000, 0x0000000100000000)
  region size 1024K, 6 young (6144K), 6 survivors (6144K)
 Metaspace       used 58197K, capacity 58891K, committed 59724K, reserved 1101824K
  class space    used 6599K, capacity 6894K, committed 6988K, reserved 1048576K
}
Event: 9.536 GC heap before
{Heap before GC invocations=10 (full 0):
 garbage-first heap   total 155648K, used 124303K [0x0000000082000000, 0x0000000100000000)
  region size 1024K, 67 young (68608K), 6 survivors (6144K)
 Metaspace       used 60972K, capacity 61621K, committed 62412K, reserved 1103872K
  class space    used 6793K, capacity 7073K, committed 7116K, reserved 1048576K
}
Event: 9.562 GC heap after
{Heap after GC invocations=11 (full 0):
 garbage-first heap   total 155648K, used 64990K [0x0000000082000000, 0x0000000100000000)
  region size 1024K, 9 young (9216K), 9 survivors (9216K)
 Metaspace       used 60972K, capacity 61621K, committed 62412K, reserved 1103872K
  class space    used 6793K, capacity 7073K, committed 7116K, reserved 1048576K
}
Event: 10.628 GC heap before
{Heap before GC invocations=11 (full 0):
 garbage-first heap   total 155648K, used 118238K [0x0000000082000000, 0x0000000100000000)
  region size 1024K, 59 young (60416K), 9 survivors (9216K)
 Metaspace       used 63268K, capacity 63945K, committed 64844K, reserved 1105920K
  class space    used 7096K, capacity 7397K, committed 7500K, reserved 1048576K
}
Event: 10.652 GC heap after
{Heap after GC invocations=12 (full 0):
 garbage-first heap   total 187392K, used 72541K [0x0000000082000000, 0x0000000100000000)
  region size 1024K, 5 young (5120K), 5 survivors (5120K)
 Metaspace       used 63268K, capacity 63945K, committed 64844K, reserved 1105920K
  class space    used 7096K, capacity 7397K, committed 7500K, reserved 1048576K
}

Deoptimization events (10 events):
Event: 10.405 Thread 0x000002265e085800 Uncommon trap: reason=bimorphic_or_optimized_type_check action=maybe_recompile pc=0x000002267124b1a4 method=org.jetbrains.kotlin.util.slicedMap.SlicedMapImpl.get(Lorg/jetbrains/kotlin/util/slicedMap/ReadOnlySlice;Ljava/lang/Object;)Ljava/lang/Object; @ 35
Event: 10.405 Thread 0x000002265e085800 Uncommon trap: reason=bimorphic_or_optimized_type_check action=maybe_recompile pc=0x0000022671199c2c method=org.jetbrains.kotlin.util.slicedMap.SlicedMapImpl.get(Lorg/jetbrains/kotlin/util/slicedMap/ReadOnlySlice;Ljava/lang/Object;)Ljava/lang/Object; @ 35
Event: 10.454 Thread 0x000002265e085800 Uncommon trap: reason=bimorphic_or_optimized_type_check action=maybe_recompile pc=0x0000022671253114 method=kotlin.collections.CollectionsKt__MutableCollectionsKt.addAll(Ljava/util/Collection;Ljava/lang/Iterable;)Z @ 35 c2
Event: 10.454 Thread 0x000002265e085800 Uncommon trap: reason=bimorphic_or_optimized_type_check action=maybe_recompile pc=0x0000022671253114 method=kotlin.collections.CollectionsKt__MutableCollectionsKt.addAll(Ljava/util/Collection;Ljava/lang/Iterable;)Z @ 35 c2
Event: 10.457 Thread 0x000002265e085800 Uncommon trap: reason=bimorphic_or_optimized_type_check action=maybe_recompile pc=0x0000022671253114 method=kotlin.collections.CollectionsKt__MutableCollectionsKt.addAll(Ljava/util/Collection;Ljava/lang/Iterable;)Z @ 35 c2
Event: 10.457 Thread 0x000002265e085800 Uncommon trap: reason=bimorphic_or_optimized_type_check action=maybe_recompile pc=0x0000022671253114 method=kotlin.collections.CollectionsKt__MutableCollectionsKt.addAll(Ljava/util/Collection;Ljava/lang/Iterable;)Z @ 35 c2
Event: 10.484 Thread 0x000002265e085800 Uncommon trap: reason=unstable_if action=reinterpret pc=0x00000226712d8300 method=org.jetbrains.kotlin.util.slicedMap.OpenAddressLinearProbingHashTable.get(Ljava/lang/Object;)Ljava/lang/Object; @ 1 c2
Event: 10.484 Thread 0x000002265e085800 Uncommon trap: reason=unstable_if action=reinterpret pc=0x00000226712d8e78 method=org.jetbrains.kotlin.util.slicedMap.OpenAddressLinearProbingHashTable.get(Ljava/lang/Object;)Ljava/lang/Object; @ 1 c2
Event: 10.484 Thread 0x000002265e085800 Uncommon trap: reason=unstable_if action=reinterpret pc=0x00000226712d72b4 method=org.jetbrains.kotlin.util.slicedMap.OpenAddressLinearProbingHashTable.get(Ljava/lang/Object;)Ljava/lang/Object; @ 1 c2
Event: 10.764 Thread 0x000002265e085800 Uncommon trap: reason=unstable_if action=reinterpret pc=0x000002267126b024 method=org.jetbrains.kotlin.types.TypeUtils.contains(Lorg/jetbrains/kotlin/types/KotlinType;Lkotlin/jvm/functions/Function1;Ljava/util/HashSet;)Z @ 10 c2

Classes redefined (0 events):
No events

Internal exceptions (10 events):
Event: 8.571 Thread 0x000002265e085800 Exception <a 'java/lang/NoSuchMethodError'{0x0000000089e97480}: method resolution failed> (0x0000000089e97480) thrown at [t:/workspace/open/src/hotspot/share/prims/methodHandles.cpp, line 1226]
Event: 8.703 Thread 0x000002265e085800 Implicit null exception at 0x00000226711bc0b9 to 0x00000226711bca02
Event: 9.873 Thread 0x000002265e085800 Implicit null exception at 0x000002267128e3d4 to 0x000002267128e44a
Event: 10.386 Thread 0x000002265e085800 Exception <a 'java/lang/NoSuchMethodError'{0x0000000089136dc8}: method resolution failed> (0x0000000089136dc8) thrown at [t:/workspace/open/src/hotspot/share/prims/methodHandles.cpp, line 1226]
Event: 10.391 Thread 0x000002265e085800 Implicit null exception at 0x0000022670eed675 to 0x0000022670eed83a
Event: 10.405 Thread 0x000002265e085800 Implicit null exception at 0x000002267106144c to 0x00000226710614b6
Event: 10.484 Thread 0x000002265e085800 Implicit null exception at 0x00000226712d7ed5 to 0x00000226712d82e2
Event: 10.484 Thread 0x000002265e085800 Implicit null exception at 0x00000226712d8bbb to 0x00000226712d8e6e
Event: 10.484 Thread 0x000002265e085800 Implicit null exception at 0x00000226712d70f3 to 0x00000226712d72a6
Event: 10.764 Thread 0x000002265e085800 Implicit null exception at 0x000002267126583b to 0x000002267126b00a

Events (10 events):
Event: 10.768 loading class org/jetbrains/kotlin/resolve/checkers/ConstApplicability
Event: 10.768 loading class org/jetbrains/kotlin/resolve/checkers/ConstApplicability done
Event: 10.782 loading class org/jetbrains/kotlin/com/google/common/collect/AbstractMapBasedMultimap$2
Event: 10.782 loading class org/jetbrains/kotlin/com/google/common/collect/AbstractMapBasedMultimap$2 done
Event: 10.782 loading class org/jetbrains/kotlin/com/google/common/collect/AbstractMapBasedMultimap$Itr
Event: 10.782 loading class org/jetbrains/kotlin/com/google/common/collect/AbstractMapBasedMultimap$Itr done
Event: 10.782 loading class org/jetbrains/kotlin/com/google/common/collect/Iterators$EmptyModifiableIterator
Event: 10.782 loading class org/jetbrains/kotlin/com/google/common/collect/Iterators$EmptyModifiableIterator done
Event: 10.784 Executing VM operation: ICBufferFull
Event: 10.784 Executing VM operation: ICBufferFull done


Dynamic libraries:
0x00007ff66d420000 - 0x00007ff66d45e000 	C:\Java\jdk-10.0.2\bin\java.exe
0x00007ffeebfe0000 - 0x00007ffeec1d0000 	C:\WINDOWS\SYSTEM32\ntdll.dll
0x00007ffeac530000 - 0x00007ffeac544000 	C:\Program Files\AVAST Software\Avast\aswhook.dll
0x00007ffeebb80000 - 0x00007ffeebc32000 	C:\WINDOWS\System32\KERNEL32.DLL
0x00007ffee99f0000 - 0x00007ffee9c93000 	C:\WINDOWS\System32\KERNELBASE.dll
0x00007ffeeacb0000 - 0x00007ffeead53000 	C:\WINDOWS\System32\ADVAPI32.dll
0x00007ffeebae0000 - 0x00007ffeebb7e000 	C:\WINDOWS\System32\msvcrt.dll
0x00007ffeebcf0000 - 0x00007ffeebd87000 	C:\WINDOWS\System32\sechost.dll
0x00007ffeea240000 - 0x00007ffeea360000 	C:\WINDOWS\System32\RPCRT4.dll
0x00007ffeebdf0000 - 0x00007ffeebf84000 	C:\WINDOWS\System32\USER32.dll
0x00007ffee9d20000 - 0x00007ffee9d41000 	C:\WINDOWS\System32\win32u.dll
0x00007ffeea510000 - 0x00007ffeea536000 	C:\WINDOWS\System32\GDI32.dll
0x00007ffee9e00000 - 0x00007ffee9f94000 	C:\WINDOWS\System32\gdi32full.dll
0x00007ffee9ff0000 - 0x00007ffeea08e000 	C:\WINDOWS\System32\msvcp_win.dll
0x00007ffee9020000 - 0x00007ffee911a000 	C:\WINDOWS\System32\ucrtbase.dll
0x00007ffec8210000 - 0x00007ffec8495000 	C:\WINDOWS\WinSxS\amd64_microsoft.windows.common-controls_6595b64144ccf1df_6.0.18362.657_none_e6c5b579130e3898\COMCTL32.dll
0x00007ffeeae40000 - 0x00007ffeeb176000 	C:\WINDOWS\System32\combase.dll
0x00007ffee9ca0000 - 0x00007ffee9d20000 	C:\WINDOWS\System32\bcryptPrimitives.dll
0x00007ffee2c10000 - 0x00007ffee2c1a000 	C:\WINDOWS\SYSTEM32\VERSION.dll
0x00007ffeeb190000 - 0x00007ffeeb1be000 	C:\WINDOWS\System32\IMM32.DLL
0x00007ffeb6640000 - 0x00007ffeb672f000 	C:\Java\jdk-10.0.2\bin\msvcr120.dll
0x00007ffebdad0000 - 0x00007ffebdb76000 	C:\Java\jdk-10.0.2\bin\msvcp120.dll
0x000000006a4e0000 - 0x000000006af50000 	C:\Java\jdk-10.0.2\bin\server\jvm.dll
0x00007ffeebf90000 - 0x00007ffeebf98000 	C:\WINDOWS\System32\PSAPI.DLL
0x00007ffed10f0000 - 0x00007ffed10f9000 	C:\WINDOWS\SYSTEM32\WSOCK32.dll
0x00007ffeea540000 - 0x00007ffeea5af000 	C:\WINDOWS\System32\WS2_32.dll
0x00007ffee5c00000 - 0x00007ffee5c24000 	C:\WINDOWS\SYSTEM32\WINMM.dll
0x00007ffee5b80000 - 0x00007ffee5bad000 	C:\WINDOWS\SYSTEM32\WINMMBASE.dll
0x00007ffee9fa0000 - 0x00007ffee9fea000 	C:\WINDOWS\System32\cfgmgr32.dll
0x00007ffee5c60000 - 0x00007ffee5c6f000 	C:\Java\jdk-10.0.2\bin\verify.dll
0x00007ffedf550000 - 0x00007ffedf744000 	C:\WINDOWS\SYSTEM32\DBGHELP.DLL
0x00007ffee0110000 - 0x00007ffee013a000 	C:\WINDOWS\SYSTEM32\dbgcore.DLL
0x00007ffee0c40000 - 0x00007ffee0c67000 	C:\Java\jdk-10.0.2\bin\java.dll
0x00007ffee5990000 - 0x00007ffee59a6000 	C:\Java\jdk-10.0.2\bin\zip.dll
0x00007ffee5920000 - 0x00007ffee592a000 	C:\Java\jdk-10.0.2\bin\jimage.dll
0x00007ffeeb1c0000 - 0x00007ffeeb8a5000 	C:\WINDOWS\System32\SHELL32.dll
0x00007ffeebc40000 - 0x00007ffeebce9000 	C:\WINDOWS\System32\shcore.dll
0x00007ffee9270000 - 0x00007ffee99ef000 	C:\WINDOWS\System32\windows.storage.dll
0x00007ffee8f30000 - 0x00007ffee8f4f000 	C:\WINDOWS\System32\profapi.dll
0x00007ffee8ee0000 - 0x00007ffee8f2a000 	C:\WINDOWS\System32\powrprof.dll
0x00007ffee8eb0000 - 0x00007ffee8ec0000 	C:\WINDOWS\System32\UMPDC.dll
0x00007ffeeb920000 - 0x00007ffeeb972000 	C:\WINDOWS\System32\shlwapi.dll
0x00007ffee8ec0000 - 0x00007ffee8ed1000 	C:\WINDOWS\System32\kernel.appcore.dll
0x00007ffee9d50000 - 0x00007ffee9d67000 	C:\WINDOWS\System32\cryptsp.dll
0x00007ffee58d0000 - 0x00007ffee58ea000 	C:\Java\jdk-10.0.2\bin\net.dll
0x00007ffedcd20000 - 0x00007ffedce10000 	C:\WINDOWS\SYSTEM32\WINHTTP.dll
0x00007ffee8720000 - 0x00007ffee8787000 	C:\WINDOWS\system32\mswsock.dll
0x00007ffee1940000 - 0x00007ffee1951000 	C:\Java\jdk-10.0.2\bin\nio.dll

dbghelp: loaded successfully - version: 4.0.5 - missing functions: none
symbol engine: initialized successfully - sym options: 0x614 - pdb path: .;C:\Java\jdk-10.0.2\bin;C:\WINDOWS\SYSTEM32;C:\Program Files\AVAST Software\Avast;C:\WINDOWS\WinSxS\amd64_microsoft.windows.common-controls_6595b64144ccf1df_6.0.18362.657_none_e6c5b579130e3898;C:\Java\jdk-10.0.2\bin\server

VM Arguments:
java_command: org.jetbrains.kotlin.cli.jvm.K2JVMCompiler -Xallow-no-source-files -classpath C:\Users\Abdul\.gradle\caches\modules-2\files-2.1\org.jetbrains.kotlin\kotlin-android-extensions-runtime\1.3.61\289bdf25b4886749e040c7a7d3aab8a57f85c631\kotlin-android-extensions-runtime-1.3.61.jar;C:\Users\Abdul\.gradle\caches\modules-2\files-2.1\org.jetbrains.kotlin\kotlin-stdlib-jdk7\1.3.61\70dffc5f8ac5ea7c34f30deac5b9d8b1d48af066\kotlin-stdlib-jdk7-1.3.61.jar;C:\Users\Abdul\.gradle\caches\transforms-2\files-2.1\e779d7468482f4d9768199c63565ff04\core-ktx-1.2.0-api.jar;C:\Users\Abdul\.gradle\caches\transforms-2\files-2.1\6d3a4a496c75cb90d3917fc3768052f6\anko-sdk15-0.10.8-api.jar;C:\Users\Abdul\.gradle\caches\transforms-2\files-2.1\7d2a8fbbf28fd8b998bd80ef22f4e022\jetified-anko-recyclerview-v7-0.10.8-api.jar;C:\Users\Abdul\.gradle\caches\transforms-2\files-2.1\b74f53ca7f7946b6a71604c11e76d63f\jetified-anko-recyclerview-v7-coroutines-0.10.8-api.jar;C:\Users\Abdul\.gradle\caches\transforms-2\files-2.1\c85c2b87149d550ffcfb20d750fe80e7\jetified-anko-cardview-v7-0.10.8-api.jar;C:\Users\Abdul\.gradle\caches\transforms-2\files-2.1\267513d97432d73bc52313d48529bd80\anko-sqlite-0.10.8-api.jar;C:\Users\Abdul\.gradle\caches\transforms-2\files-2.1\02d8b034cf344d876b04c9870e559c4a\jetified-anko-appcompat-v7-0.10.8-api.jar;C:\Users\Abdul\.gradle\caches\transforms-2\files-2.1\aa62daaedd502fcb8eac67abc6572974\jetified-anko-support-v4-0.10.8-api.jar;C:\Users\Abdul\.gradle\caches\transforms-2\files-2.1\e8326b2cf13d64a2516c9320292ee7f4\anko-appcompat-v7-commons-0.10.8-api.jar;C:\Users\Abdul\.gradle\caches\transforms-2\files-2.1\15b1e475fe3e1d1feb4cfda0ee264142\anko-support-v4-commons-0.10.8-api.jar;C:\Users\Abdul\.gradle\caches\transforms-2\files-2.1\6c21c34054206fcc9215d68361418bc1\anko-commons-0.10.8-api.jar;C:\Users\Abdul\.gradle\caches\transforms-2\files-2.1\ff4dbae6f7a461e412fd2cad350dd381\preference-ktx-1.1.0-api.jar;C:\Users\Abdul\.gradle\caches\transforms-2\files-2.1\1292a9a869e88e2e03
java_class_path (initial): C:\Users\Abdul\.gradle\caches\modules-2\files-2.1\org.jetbrains.kotlin\kotlin-compiler-embeddable\1.3.61\c35c0833d5a1e3d229359758482c480306724618\kotlin-compiler-embeddable-1.3.61.jar;C:\Users\Abdul\.gradle\caches\modules-2\files-2.1\org.jetbrains.kotlin\kotlin-reflect\1.3.61\2e07c9a84c9e118efb70eede7e579fd663932122\kotlin-reflect-1.3.61.jar;C:\Users\Abdul\.gradle\caches\modules-2\files-2.1\org.jetbrains.kotlin\kotlin-stdlib\1.3.61\4702105e97f7396ae41b113fdbdc180ec1eb1e36\kotlin-stdlib-1.3.61.jar;C:\Users\Abdul\.gradle\caches\modules-2\files-2.1\org.jetbrains.kotlin\kotlin-script-runtime\1.3.61\e5feb39c8de63dcbdc1154b34ca4413874231605\kotlin-script-runtime-1.3.61.jar;C:\Users\Abdul\.gradle\caches\modules-2\files-2.1\org.jetbrains.kotlin\kotlin-daemon-embeddable\1.3.61\4de83e41a92c8395d89ab2e81d26b788ba163824\kotlin-daemon-embeddable-1.3.61.jar;C:\Users\Abdul\.gradle\caches\modules-2\files-2.1\org.jetbrains.intellij.deps\trove4j\1.0.20181211\216c2e14b070f334479d800987affe4054cd563f\trove4j-1.0.20181211.jar;C:\Users\Abdul\.gradle\caches\modules-2\files-2.1\org.jetbrains.kotlin\kotlin-stdlib-common\1.3.61\65abb71d5afb850b68be03987b08e2c864ca3110\kotlin-stdlib-common-1.3.61.jar;C:\Users\Abdul\.gradle\caches\modules-2\files-2.1\org.jetbrains\annotations\13.0\919f0dfe192fb4e063e7dacadee7f8bb9a2672a9\annotations-13.0.jar
Launcher Type: SUN_STANDARD

Logging:
Log output configuration:
#0: stdout all=warning uptime,level,tags
#1: stderr all=off uptime,level,tags

Environment Variables:
JAVA_HOME=C:\Java\jdk-10.0.2
PATH=C:\Program Files (x86)\Common Files\Intel\Shared Files\cpp\bin\Intel64;C:\Program Files (x86)\Common Files\Oracle\Java\javapath;C:\Windows\system32;C:\Windows;C:\Windows\System32\Wbem;C:\Windows\System32\WindowsPowerShell\v1.0\;C:\Program Files (x86)\NVIDIA Corporation\PhysX\Common;C:\Program Files\Git\cmd;C:\Program Files\Git\mingw64\bin;C:\Program Files\Git\usr\bin;C:\windows\system32;C:\windows;C:\windows\System32\Wbem;C:\windows\System32\WindowsPowerShell\v1.0\;C:\windows\System32\OpenSSH\;C:\Users\Abdul\AppData\Roaming\nvm;C:\Program Files\nodejs;C:\Program Files (x86)\NoteBook FanControl\;C:\Program Files\nodejs\;C:\Program Files\PostgreSQL\11\bin;C:\Java\jdk-10.0.2;C:\BigData\hadoop-2.9.1;C:\BigData\hadoop-2.9.1\sbin;C:\BigData\hadoop-2.9.1\bin;;C:\Program Files\NVIDIA Corporation\NVIDIA NvDLISR;C:\WINDOWS\system32;C:\WINDOWS;C:\WINDOWS\System32\Wbem;C:\WINDOWS\System32\WindowsPowerShell\v1.0\;C:\WINDOWS\System32\OpenSSH\;C:\Users\Abdul\AppData\Local\GitHubDesktop\bin;C:\Users\Abdul\AppData\Local\Microsoft\WindowsApps;C:\Users\Abdul\AppData\Roaming\nvm;C:\Program Files\nodejs;C:\Program Files\heroku\bin;C:\Users\Abdul\AppData\Roaming\npm;C:\Java\jdk-10.0.2\bin;C:\BigData\hadoop-2.9.1;C:\BigData\hadoop-2.9.1\bin;C:\BigData\hadoop-2.9.1\sbin;C:\adb;C:\Users\Abdul\AppData\Local\Google\Cloud SDK\google-cloud-sdk\bin;C:\Users\Abdul\AppData\Local\Programs\Microsoft VS Code\bin;
USERNAME=Abdul
OS=Windows_NT
PROCESSOR_IDENTIFIER=Intel64 Family 6 Model 142 Stepping 9, GenuineIntel



---------------  S Y S T E M  ---------------

OS: Windows 10 , 64 bit Build 18362 (10.0.18362.329)

CPU:total 4 (initial active 4) (2 cores per cpu, 2 threads per core) family 6 model 142 stepping 9, cmov, cx8, fxsr, mmx, sse, sse2, sse3, ssse3, sse4.1, sse4.2, popcnt, avx, avx2, aes, clmul, erms, 3dnowpref, lzcnt, ht, tsc, tscinvbit, bmi1, bmi2, adx, fma

Memory: 4k page, physical 8253668k(697020k free), swap 10350820k(4188k free)

vm_info: Java HotSpot(TM) 64-Bit Server VM (10.0.2+13) for windows-amd64 JRE (10.0.2+13), built on Jun 28 2018 01:57:56 by "mach5one" with MS VC++ 12.0 (VS2013)

END.
